catchers his/her Y Y Y Y 
blender Y Y Y Y Y 
border Y Y Y Y 
BANANA Y Y Y Y Y Y 
BANANA Y Y Y Y Y Y 
blender Y Y Y Y Y Y 
BANANA Y Y Y Y 
BANANA seed seed watching watching 
blender seed seed watching watching 
blender seed seed watching watching watching 
blender blender seed watching watching watching 
blender blender seed watching watching watching 
blender blender seed watching watching 
blender seed seed watching watching 
ROOF ROOF seed watching watching 
BANANA BANANA BANANA BANANA BANANA BANANA 
blender BANANA BANANA BANANA BANANA BANANA 
blender BANANA BANANA BANANA BANANA BANANA 
blender BANANA BANANA BANANA BANANA BANANA BANANA BANANA BANANA 
BANANA BANANA BANANA BANANA BANANA BANANA 
blender BANANA BANANA BANANA BANANA BANANA 
blender BANANA BANANA BANANA BANANA BANANA 
UNK is is it it ? 
UNK is is it it ? 
UNK is is it it ? 
UNK is is it it it ? 
UNK is is it it it ? 
UNK is is it it ? 
UNK is is it it it ? 
UNK is is it ? 
UNK is is it it ? 
UNK is is it it ? 
UNK is is it it 
UNK is is it it 
UNK is is it it it ? 
UNK is is it it 
UNK is is is it 
UNK is is it it it 
UNK is is it it 
UNK is is is it 
UNK is is it it 
UNK is is is it 
UNK is is it it 
UNK is is it it 
UNK is is it it it ? 
UNK is it a person ? 
UNK is it a ? 
UNK is it a ? 
UNK is it a the ? 
UNK is it a ? 
UNK is it a the ? 
UNK is it a ? 
UNK is it a ? 
UNK is it a ? 
UNK is it it person ? 
UNK is it a person ? 
UNK is it a ? 
UNK is it a ? 
UNK is it a ? 
UNK is it a ? 
UNK is it a ? 
UNK is it a person ? 
UNK is it it person ? 
UNK is it a the ? 
UNK is it a ? 
UNK is it it ? 
UNK is it it ? 
UNK is it a ? 
UNK is it a ? 
UNK is it a person ? 
UNK is it the ? 
UNK is it the ? 
UNK is it a ? 
UNK is it a the ? 
UNK is it a ? 
UNK is it the ? 
UNK is it a ? 
UNK is it a ? 
UNK is it a ? 
UNK is it the ? 
UNK is it a ? 
UNK is it a ? 
UNK is it the person ? 
UNK is it a ? 
UNK is it a ? 
UNK is it the ? 
UNK is it a ? 
UNK is it a ? 
UNK is it a ? 
UNK is it a person ? 
UNK is it a person ? 
UNK is it a ? 
UNK is it a ? 
UNK is it a the person ? 
UNK is it a the ? 
UNK is it a the person ? 
UNK is it a ? 
UNK is it a ? 
UNK is it a ? 
UNK is it a person ? 
UNK is it a person ? 
UNK is it a person ? 
UNK is it a ? 
UNK is it a ? 
UNK is it a ? 
UNK is it a ? 
UNK is it a person ? 
UNK is it it person ? 
UNK is it a the ? 
UNK is it a ? 
UNK is is it the ? 
UNK is is it ? 
UNK is it a ? 
UNK is it a the ? 
UNK is it a person ? 
UNK is it object ? 
UNK is it object ? 
UNK is it a ? 
UNK is it a ? 
UNK is it a person ? 
UNK is it a ? 
UNK is it a ? 
UNK is it a ? 
UNK is it a ? 
UNK is it a person ? 
UNK is it a ? 
UNK is it a ? 
UNK is it a person ? 
UNK is it a ? 
UNK is it a ? 
UNK is it a ? 
UNK is it a ? 
UNK is it a ? 
UNK is it a ? 
UNK is it a ? 
UNK is it a person ? 
UNK is it a ? 
UNK is it a ? 
UNK is it a the ? 
UNK is it a the person ? 
UNK is it a the person ? 
UNK is it a ? 
UNK is it a ? 
UNK is it a ? 
UNK is it a person ? 
UNK is it a person ? 
UNK is it a person ? 
UNK is it a ? 
UNK is it a ? 
UNK is it a ? 
UNK is it a person ? 
UNK is it a person ? 
UNK is is the person ? 
UNK is it a the ? 
UNK is it a ? 
UNK is is the the ? 
UNK is is it the ? 
