000, 7, 0, 1, [' hay hay hay hay hay hay hay hay hay hay', ' batch hot hot hot hot hot hot hot hot hot']
000, 7, 1, 1, [' looks looks looks looks looks looks looks looks looks looks', ' public public public public public public public public public public']
000, 7, 2, 1, [' is is is is is is is is is is', ' public public public public public public public public public public']
000, 7, 3, 1, [' is is is is is is is is is is', ' ? ? ? ? ? ? ? ? ? ?']
000, 7, 4, 1, [' is is is is is is is is is is', ' ? ? ? ? ? ? ? ? ? ?']
000, 7, 5, 1, [' is is is is is is is is is is', ' ? ? ? ? ? ? ? ? ? ?']
000, 7, 6, 1, [' is is is is is is is is is is', ' ? ? ? ? ? ? ? ? ? ?']
000, 7, 7, 1, [' is is is is is is is is is is', ' ? ? ? ? ? ? ? ? ? ?']
000, 9, 0, 1, [' ? ? ? ? ? ? ? ? ? ?', ' is ? ? ? ? ? ? ? ? ?']
000, 9, 1, 1, [' ? ? ? ? ? ? ? ? ? ?', ' is ? ? ? ? ? ? ? ? ?']
000, 9, 2, 1, [' ? ? ? ? ? ? ? ? ? ?', ' ? ? ? ? ? ? ? ? ? ?']
000, 19, 0, 1, [' is is is is is is is is is is', ' is ? ? ? ? ? ? ? ? ?']
000, 19, 1, 1, [' is is is is is is is is is is', ' is ? ? ? ? ? ? ? ? ?']
000, 19, 2, 1, [' is is is is is is is is is is', ' is ? ? ? ? ? ? ? ? ?']
000, 19, 3, 1, [' is is is is is is is is is is', ' is ? ? ? ? ? ? ? ? ?']
000, 19, 4, 1, [' is is is is is is is is is is', ' is ? ? ? ? ? ? ? ? ?']
000, 19, 5, 1, [' is is is is is is is is is is', ' is ? ? ? ? ? ? ? ? ?']
000, 19, 6, 1, [' is is is is is is is is is is', ' is ? ? ? ? ? ? ? ? ?']
000, 19, 7, 1, [' is is is is is is is is is is', ' is ? ? ? ? ? ? ? ? ?']
000, 0, 0, 1, [' is ? ? ? ? ? ? ? ? ?', ' ? ? ? ? ? ? ? ? ? ?']
000, 0, 1, 1, [' is ? ? ? ? ? ? ? ? ?', ' is ? ? ? ? ? ? ? ? ?']
000, 0, 2, 1, [' is is is is is is is is is is', ' is ? ? ? ? ? ? ? ? ?']
000, 0, 3, 1, [' is is is is is is is is is is', ' is ? ? ? ? ? ? ? ? ?']
000, 0, 4, 1, [' is is is is is is is is is is', ' is ? ? ? ? ? ? ? ? ?']
000, 11, 0, 1, [' is is is is is is is is is is', ' is is is is is is is is is is']
000, 11, 1, 1, [' is is is is is is is is is is', ' is is is is is is is is is is']
000, 11, 2, 1, [' is is is is is is is is is is', ' is is is is is is is is is is']
000, 11, 3, 1, [' is is is is is is is is is is', ' is is is is is is is is is is']
000, 5, 0, 1, [' is is is is is is is is is is', ' is is is is is is is is is is']
000, 5, 1, 1, [' is is is is is is is is is is', ' is is is is is is is is is is']
000, 5, 2, 1, [' is is is is is is is is is is', ' is is is is is is is is is is']
000, 17, 0, 1, [' is is is is is is is is is is', ' is is is is is is is is is is']
000, 17, 1, 1, [' is is is is is is is is is is', ' is is is is is is is is is is']
000, 17, 2, 1, [' is is is is is is is is is is', ' is is is is is is is is is is']
000, 17, 3, 1, [' is is is is is is is is is is', ' is is is is is is is is is is']
000, 17, 4, 1, [' is is is is is is is is is is', ' is is is is is is is is is is']
000, 17, 5, 1, [' is is is is is is is is is is', ' is is is is is is is is is is']
000, 17, 6, 1, [' is is is is is is is is is is', ' is is is is is is is is is is']
000, 15, 0, 1, [' is is is is is is is is is is', ' is is is is is is is is is is']
000, 15, 1, 1, [' is is is is is is is is is is', ' is is is is is is is is is is']
000, 15, 2, 1, [' is is is is is is is is is is', ' is is is is is is is is is is']
000, 15, 3, 1, [' is is is is is is is is is is', ' is is is is is is is is is is']
000, 15, 4, 1, [' is is is is is is is is is is', ' is is is is is is is is is is']
000, 13, 0, 1, [' is is is is is is is is is is', ' is is is is is is is is is is']
000, 3, 0, 1, [' is is is is is is is is is is', ' is is is is is is is is is is']
000, 13, 1, 1, [' is is is is is is is is is is', ' is is is is is is is is is is']
000, 3, 1, 1, [' is is is is is is is is is is', ' is is is is is is is is is is']
000, 13, 2, 1, [' is is is is is is is is is is', ' is is is is is is is is is is']
000, 3, 2, 1, [' is is is is is is is is is is', ' is is is is is is is is is is']
000, 13, 3, 1, [' is ? ? ? ? ? ? ? ? ?', ' is is is is is is is is is is']
000, 3, 3, 1, [' is ? ? ? ? ? ? ? ? ?', ' is is is is is is is is is is']
000, 13, 4, 1, [' ? ? ? ? ? ? ? ? ? ?', ' is ? ? ? ? ? ? ? ? ?']
000, 3, 4, 1, [' ? ? ? ? ? ? ? ? ? ?', ' is ? ? ? ? ? ? ? ? ?']
000, 13, 5, 1, [' ? ? ? ? ? ? ? ? ? ?', ' is ? ? ? ? ? ? ? ? ?']
000, 3, 5, 1, [' ? ? ? ? ? ? ? ? ? ?', ' is ? ? ? ? ? ? ? ? ?']
000, 13, 6, 1, [' ? ? ? ? ? ? ? ? ? ?', ' ? ? ? ? ? ? ? ? ? ?']
000, 3, 6, 1, [' ? ? ? ? ? ? ? ? ? ?', ' ? ? ? ? ? ? ? ? ? ?']
000, 13, 7, 1, [' ? ? ? ? ? ? ? ? ? ?', ' ? ? ? ? ? ? ? ? ? ?']
000, 3, 7, 1, [' ? ? ? ? ? ? ? ? ? ?', ' ? ? ? ? ? ? ? ? ? ?']
000, 13, 8, 1, [' ? ? ? ? ? ? ? ? ? ?', ' ? ? ? ? ? ? ? ? ? ?']
000, 3, 8, 1, [' ? ? ? ? ? ? ? ? ? ?', ' ? ? ? ? ? ? ? ? ? ?']
000, 13, 9, 1, [' ? ? ? ? ? ? ? ? ? ?', ' ? ? ? ? ? ? ? ? ? ?']
000, 3, 9, 1, [' ? ? ? ? ? ? ? ? ? ?', ' ? ? ? ? ? ? ? ? ? ?']
000, 13, 10, 1, [' ? ? ? ? ? ? ? ? ? ?', ' ? ? ? ? ? ? ? ? ? ?']
000, 3, 10, 1, [' ? ? ? ? ? ? ? ? ? ?', ' ? ? ? ? ? ? ? ? ? ?']
000, 13, 11, 1, [' ? ? ? ? ? ? ? ? ? ?', ' ? ? ? ? ? ? ? ? ? ?']
000, 3, 11, 1, [' ? ? ? ? ? ? ? ? ? ?', ' ? ? ? ? ? ? ? ? ? ?']
000, 13, 12, 1, [' ? ? ? ? ? ? ? ? ? ?', ' ? ? ? ? ? ? ? ? ? ?']
000, 3, 12, 1, [' ? ? ? ? ? ? ? ? ? ?', ' ? ? ? ? ? ? ? ? ? ?']
000, 13, 13, 1, [' ? ? ? ? ? ? ? ? ? ?', ' ? ? ? ? ? ? ? ? ? ?']
000, 3, 13, 1, [' ? ? ? ? ? ? ? ? ? ?', ' ? ? ? ? ? ? ? ? ? ?']
000, 13, 14, 1, [' ? ? ? ? ? ? ? ? ? ?', ' ? ? ? ? ? ? ? ? ? ?']
000, 3, 14, 1, [' ? ? ? ? ? ? ? ? ? ?', ' ? ? ? ? ? ? ? ? ? ?']
000, 13, 15, 1, [' ? ? ? ? ? ? ? ? ? ?', ' ? ? ? ? ? ? ? ? ? ?']
000, 3, 15, 1, [' ? ? ? ? ? ? ? ? ? ?', ' ? ? ? ? ? ? ? ? ? ?']
000, 119, 0, 0, [' ? ? ? ? ? ? ? ? ? ?', ' ? ? ? ? ? ? ? ? ? ?']
000, 119, 1, 0, [' ? ? ? ? ? ? ? ? ? ?', ' ? ? ? ? ? ? ? ? ? ?']
000, 119, 2, 0, [' ? ? ? ? ? ? ? ? ? ?', ' ? ? ? ? ? ? ? ? ? ?']
000, 119, 3, 0, [' ? ? ? ? ? ? ? ? ? ?', ' ? ? ? ? ? ? ? ? ? ?']
000, 29, 0, 1, [' ? ? ? ? ? ? ? ? ? ?', ' ? ? ? ? ? ? ? ? ? ?']
000, 29, 1, 1, [' ? ? ? ? ? ? ? ? ? ?', ' ? ? ? ? ? ? ? ? ? ?']
000, 29, 2, 1, [' ? ? ? ? ? ? ? ? ? ?', ' -EOS- -EOS- -EOS- -EOS- -EOS- -EOS- -EOS- -EOS- -EOS- -EOS-']
000, 29, 3, 1, [' ? ? ? ? ? ? ? ? ? ?', ' -EOS- -EOS- -EOS- -EOS- -EOS- -EOS- -EOS- -EOS- -EOS- -EOS-']
000, 29, 4, 1, [' ? ? ? ? ? ? ? ? ? ?', ' -EOS- -EOS- -EOS- -EOS- -EOS- -EOS- -EOS- -EOS- -EOS- -EOS-']
000, 35, 0, 1, [' -EOS- -EOS- -EOS- -EOS- -EOS- -EOS- -EOS- -EOS- -EOS- -EOS-', ' -EOS- -EOS- -EOS- -EOS- -EOS- -EOS- -EOS- -EOS- -EOS- -EOS-']
000, 35, 1, 1, [' -EOS- -EOS- -EOS- -EOS- -EOS- -EOS- -EOS- -EOS- -EOS- -EOS-', ' -EOS- -EOS- -EOS- -EOS- -EOS- -EOS- -EOS- -EOS- -EOS- -EOS-']
000, 35, 2, 1, [' -EOS- -EOS- -EOS- -EOS- -EOS- -EOS- -EOS- -EOS- -EOS- -EOS-', ' -EOS- -EOS- -EOS- -EOS- -EOS- -EOS- -EOS- -EOS- -EOS- -EOS-']
000, 35, 3, 1, [' -EOS- -EOS- -EOS- -EOS- -EOS- -EOS- -EOS- -EOS- -EOS- -EOS-', ' -EOS- -EOS- -EOS- -EOS- -EOS- -EOS- -EOS- -EOS- -EOS- -EOS-']
000, 35, 4, 1, [' -EOS- -EOS- -EOS- -EOS- -EOS- -EOS- -EOS- -EOS- -EOS- -EOS-', ' -EOS- -EOS- -EOS- -EOS- -EOS- -EOS- -EOS- -EOS- -EOS- -EOS-']
000, 35, 5, 1, [' -EOS- -EOS- -EOS- -EOS- -EOS- -EOS- -EOS- -EOS- -EOS- -EOS-', ' -EOS- -EOS- -EOS- -EOS- -EOS- -EOS- -EOS- -EOS- -EOS- -EOS-']
000, 27, 0, 1, [' -EOS- -EOS- -EOS- -EOS- -EOS- -EOS- -EOS- -EOS- -EOS- -EOS-', ' -EOS- -EOS- -EOS- -EOS- -EOS- -EOS- -EOS- -EOS- -EOS- -EOS-']
000, 27, 1, 1, [' -EOS- -EOS- -EOS- -EOS- -EOS- -EOS- -EOS- -EOS- -EOS- -EOS-', ' -EOS- -EOS- -EOS- -EOS- -EOS- -EOS- -EOS- -EOS- -EOS- -EOS-']
000, 27, 2, 1, [' -EOS- -EOS- -EOS- -EOS- -EOS- -EOS- -EOS- -EOS- -EOS- -EOS-', ' -EOS- -EOS- -EOS- -EOS- -EOS- -EOS- -EOS- -EOS- -EOS- -EOS-']
000, 27, 3, 1, [' is -EOS- -EOS- -EOS- -EOS- -EOS- -EOS- -EOS- -EOS- -EOS-', ' -EOS- -EOS- -EOS- -EOS- -EOS- -EOS- -EOS- -EOS- -EOS- -EOS-']
000, 27, 4, 1, [' is -EOS- -EOS- -EOS- -EOS- -EOS- -EOS- -EOS- -EOS- -EOS-', ' -EOS- -EOS- -EOS- -EOS- -EOS- -EOS- -EOS- -EOS- -EOS- -EOS-']
000, 27, 5, 1, [' is -EOS- -EOS- -EOS- -EOS- -EOS- -EOS- -EOS- -EOS- -EOS-', ' -EOS- -EOS- -EOS- -EOS- -EOS- -EOS- -EOS- -EOS- -EOS- -EOS-']
000, 27, 6, 1, [' is is is -EOS- -EOS- -EOS- -EOS- -EOS- -EOS- -EOS-', ' -EOS- -EOS- -EOS- -EOS- -EOS- -EOS- -EOS- -EOS- -EOS- -EOS-']
000, 33, 0, 1, [' is -EOS- -EOS- -EOS- -EOS- -EOS- -EOS- -EOS- -EOS- -EOS-', ' is is is is is is is is is is']
000, 33, 1, 1, [' is is is is is is is is is is', ' is is is is is is is is is is']
000, 33, 2, 1, [' is -EOS- -EOS- -EOS- -EOS- -EOS- -EOS- -EOS- -EOS- -EOS-', ' is is is is is is is is is is']
000, 37, 0, 1, [' it it it it it it it it it it', ' it ? ? ? ? ? ? ? ? ?']
000, 37, 1, 1, [' it it it it it it it it it it', ' it ? ? ? ? ? ? ? ? ?']
000, 37, 2, 1, [' it it it it it it it it it it', ' is ? ? ? ? ? ? ? ? ?']
000, 25, 0, 1, [' it it it it it it it it it it', ' it it it it it it it it it it']
000, 25, 1, 1, [' is it it it it it it it it it', ' is it it it it it it it it it']
000, 25, 2, 1, [' is it it it it it it it it it', ' is it it it it it it it it it']
000, 25, 3, 1, [' is it it it it it it it it it', ' is it it it it it it it it it']
000, 25, 4, 1, [' it it it it it it it it it it', ' is it it it it it it it it it']
000, 25, 5, 1, [' it it it it it it it it it it', ' is it it it it it it it it it']
000, 39, 0, 1, [' it it it it it it it it it it', ' it it it it it it it it it it']
000, 31, 0, 1, [' it it it it it it it it it it', ' it it it it it it it it it it']
000, 39, 1, 1, [' it it it it it it it it it it', ' it it it it it it it it it it']
000, 31, 1, 1, [' it it it it it it it it it it', ' it it it it it it it it it it']
000, 39, 2, 1, [' it it it it it it it it it it', ' it it it it it it it it it it']
000, 31, 2, 1, [' it it it it it it it it it it', ' it it it it it it it it it it']
000, 39, 3, 1, [' it ? ? ? ? ? ? ? ? ?', ' it it it it it it it it it it']
000, 31, 3, 1, [' it ? ? ? ? ? ? ? ? ?', ' it it it it it it it it it it']
000, 21, 0, 1, [' it it it it it it it it it it', ' it it it it it it it it it it']
000, 21, 1, 1, [' it -EOS- -EOS- -EOS- -EOS- -EOS- -EOS- -EOS- -EOS- -EOS-', ' it it it it it it it it it it']
000, 23, 0, 1, [' it it it it it it it it it it', ' it -EOS- -EOS- -EOS- -EOS- -EOS- -EOS- -EOS- -EOS- -EOS-']
000, 23, 1, 1, [' it it it it it it it it it it', ' it -EOS- -EOS- -EOS- -EOS- -EOS- -EOS- -EOS- -EOS- -EOS-']
000, 23, 2, 1, [' it it it it it it it it it it', ' is -EOS- -EOS- -EOS- -EOS- -EOS- -EOS- -EOS- -EOS- -EOS-']
000, 23, 3, 1, [' it it it it it it it it it it', ' is -EOS- -EOS- -EOS- -EOS- -EOS- -EOS- -EOS- -EOS- -EOS-']
000, 224, 0, 0, [' it it it it it it it it it it', ' it -EOS- -EOS- -EOS- -EOS- -EOS- -EOS- -EOS- -EOS- -EOS-']
000, 224, 1, 0, [' it it it it it it it it it it', ' it -EOS- -EOS- -EOS- -EOS- -EOS- -EOS- -EOS- -EOS- -EOS-']
000, 224, 2, 0, [' it it it it it it it it it it', ' it -EOS- -EOS- -EOS- -EOS- -EOS- -EOS- -EOS- -EOS- -EOS-']
000, 224, 3, 0, [' it it it it it it it it it it', ' is it it it it it it it it it']
000, 47, 0, 1, [' it -EOS- -EOS- -EOS- -EOS- -EOS- -EOS- -EOS- -EOS- -EOS-', ' -EOS- -EOS- -EOS- -EOS- -EOS- -EOS- -EOS- -EOS- -EOS- -EOS-']
000, 53, 0, 1, [' it -EOS- -EOS- -EOS- -EOS- -EOS- -EOS- -EOS- -EOS- -EOS-', ' -EOS- -EOS- -EOS- -EOS- -EOS- -EOS- -EOS- -EOS- -EOS- -EOS-']
000, 47, 1, 1, [' it -EOS- -EOS- -EOS- -EOS- -EOS- -EOS- -EOS- -EOS- -EOS-', ' is -EOS- -EOS- -EOS- -EOS- -EOS- -EOS- -EOS- -EOS- -EOS-']
000, 53, 1, 1, [' it -EOS- -EOS- -EOS- -EOS- -EOS- -EOS- -EOS- -EOS- -EOS-', ' is -EOS- -EOS- -EOS- -EOS- -EOS- -EOS- -EOS- -EOS- -EOS-']
000, 47, 2, 1, [' it ? ? ? ? ? ? ? ? ?', ' -EOS- -EOS- -EOS- -EOS- -EOS- -EOS- -EOS- -EOS- -EOS- -EOS-']
000, 53, 2, 1, [' it ? ? ? ? ? ? ? ? ?', ' -EOS- -EOS- -EOS- -EOS- -EOS- -EOS- -EOS- -EOS- -EOS- -EOS-']
000, 47, 3, 1, [' it -EOS- -EOS- -EOS- -EOS- -EOS- -EOS- -EOS- -EOS- -EOS-', ' -EOS- -EOS- -EOS- -EOS- -EOS- -EOS- -EOS- -EOS- -EOS- -EOS-']
000, 53, 3, 1, [' it -EOS- -EOS- -EOS- -EOS- -EOS- -EOS- -EOS- -EOS- -EOS-', ' -EOS- -EOS- -EOS- -EOS- -EOS- -EOS- -EOS- -EOS- -EOS- -EOS-']
000, 49, 0, 1, [' -EOS- -EOS- -EOS- -EOS- -EOS- -EOS- -EOS- -EOS- -EOS- -EOS-', ' it -EOS- -EOS- -EOS- -EOS- -EOS- -EOS- -EOS- -EOS- -EOS-']
000, 59, 0, 1, [' -EOS- -EOS- -EOS- -EOS- -EOS- -EOS- -EOS- -EOS- -EOS- -EOS-', ' it -EOS- -EOS- -EOS- -EOS- -EOS- -EOS- -EOS- -EOS- -EOS-']
000, 49, 1, 1, [' -EOS- -EOS- -EOS- -EOS- -EOS- -EOS- -EOS- -EOS- -EOS- -EOS-', ' it -EOS- -EOS- -EOS- -EOS- -EOS- -EOS- -EOS- -EOS- -EOS-']
000, 59, 1, 1, [' -EOS- -EOS- -EOS- -EOS- -EOS- -EOS- -EOS- -EOS- -EOS- -EOS-', ' it -EOS- -EOS- -EOS- -EOS- -EOS- -EOS- -EOS- -EOS- -EOS-']
000, 49, 2, 1, [' -EOS- -EOS- -EOS- -EOS- -EOS- -EOS- -EOS- -EOS- -EOS- -EOS-', ' it -EOS- -EOS- -EOS- -EOS- -EOS- -EOS- -EOS- -EOS- -EOS-']
000, 59, 2, 1, [' -EOS- -EOS- -EOS- -EOS- -EOS- -EOS- -EOS- -EOS- -EOS- -EOS-', ' it -EOS- -EOS- -EOS- -EOS- -EOS- -EOS- -EOS- -EOS- -EOS-']
000, 49, 3, 1, [' it -EOS- -EOS- -EOS- -EOS- -EOS- -EOS- -EOS- -EOS- -EOS-', ' it -EOS- -EOS- -EOS- -EOS- -EOS- -EOS- -EOS- -EOS- -EOS-']
000, 59, 3, 1, [' it -EOS- -EOS- -EOS- -EOS- -EOS- -EOS- -EOS- -EOS- -EOS-', ' it -EOS- -EOS- -EOS- -EOS- -EOS- -EOS- -EOS- -EOS- -EOS-']
000, 61, 0, 1, [' it it it it it it it it it it', ' it it it it it it it it it it']
000, 61, 1, 1, [' it it it it it it it it it it', ' it it it it it it it it it it']
000, 42, 0, 1, [' is ? ? ? ? ? ? ? ? ?', ' is is is is is is is is is is']
000, 42, 1, 1, [' is ? ? ? ? ? ? ? ? ?', ' is is ? ? ? ? ? ? ? ?']
000, 42, 2, 1, [' is ? ? ? ? ? ? ? ? ?', ' is ? ? ? ? ? ? ? ? ?']
000, 42, 3, 1, [' is ? ? ? ? ? ? ? ? ?', ' is ? ? ? ? ? ? ? ? ?']
000, 55, 0, 1, [' is -EOS- -EOS- -EOS- -EOS- -EOS- -EOS- -EOS- -EOS- -EOS-', ' is -EOS- -EOS- -EOS- -EOS- -EOS- -EOS- -EOS- -EOS- -EOS-']
000, 55, 1, 1, [' is -EOS- -EOS- -EOS- -EOS- -EOS- -EOS- -EOS- -EOS- -EOS-', ' is -EOS- -EOS- -EOS- -EOS- -EOS- -EOS- -EOS- -EOS- -EOS-']
000, 55, 2, 1, [' is -EOS- -EOS- -EOS- -EOS- -EOS- -EOS- -EOS- -EOS- -EOS-', ' is ? -EOS- -EOS- -EOS- -EOS- -EOS- -EOS- -EOS- -EOS-']
000, 55, 3, 1, [' is -EOS- -EOS- -EOS- -EOS- -EOS- -EOS- -EOS- -EOS- -EOS-', ' is -EOS- -EOS- -EOS- -EOS- -EOS- -EOS- -EOS- -EOS- -EOS-']
000, 55, 4, 1, [' is -EOS- -EOS- -EOS- -EOS- -EOS- -EOS- -EOS- -EOS- -EOS-', ' is -EOS- -EOS- -EOS- -EOS- -EOS- -EOS- -EOS- -EOS- -EOS-']
000, 55, 5, 1, [' is -EOS- -EOS- -EOS- -EOS- -EOS- -EOS- -EOS- -EOS- -EOS-', ' is -EOS- -EOS- -EOS- -EOS- -EOS- -EOS- -EOS- -EOS- -EOS-']
000, 55, 6, 1, [' is -EOS- -EOS- -EOS- -EOS- -EOS- -EOS- -EOS- -EOS- -EOS-', ' is -EOS- -EOS- -EOS- -EOS- -EOS- -EOS- -EOS- -EOS- -EOS-']
000, 55, 7, 1, [' is is -EOS- -EOS- -EOS- -EOS- -EOS- -EOS- -EOS- -EOS-', ' is -EOS- -EOS- -EOS- -EOS- -EOS- -EOS- -EOS- -EOS- -EOS-']
000, 63, 0, 1, [' is ? -EOS- -EOS- -EOS- -EOS- -EOS- -EOS- -EOS- -EOS-', ' is ? ? -EOS- -EOS- ? ? ? ? ?']
000, 44, 0, 1, [' is ? -EOS- -EOS- -EOS- -EOS- -EOS- -EOS- -EOS- -EOS-', ' is ? ? -EOS- -EOS- ? ? ? ? ?']
000, 63, 1, 1, [' is ? ? ? ? ? ? ? ? ?', ' is ? ? ? ? ? ? ? ? ?']
000, 44, 1, 1, [' is ? ? ? ? ? ? ? ? ?', ' is ? ? ? ? ? ? ? ? ?']
000, 63, 2, 1, [' is ? -EOS- -EOS- -EOS- -EOS- -EOS- -EOS- -EOS- -EOS-', ' is ? -EOS- -EOS- -EOS- -EOS- -EOS- -EOS- -EOS- -EOS-']
000, 44, 2, 1, [' is ? -EOS- -EOS- -EOS- -EOS- -EOS- -EOS- -EOS- -EOS-', ' is ? -EOS- -EOS- -EOS- -EOS- -EOS- -EOS- -EOS- -EOS-']
000, 63, 3, 1, [' is ? -EOS- -EOS- -EOS- -EOS- -EOS- -EOS- -EOS- -EOS-', ' is ? -EOS- -EOS- -EOS- -EOS- -EOS- -EOS- -EOS- -EOS-']
000, 44, 3, 1, [' is ? -EOS- -EOS- -EOS- -EOS- -EOS- -EOS- -EOS- -EOS-', ' is ? -EOS- -EOS- -EOS- -EOS- -EOS- -EOS- -EOS- -EOS-']
000, 63, 4, 1, [' is ? -EOS- -EOS- -EOS- -EOS- -EOS- -EOS- -EOS- -EOS-', ' is -EOS- -EOS- -EOS- -EOS- -EOS- -EOS- -EOS- -EOS- -EOS-']
000, 44, 4, 1, [' is ? -EOS- -EOS- -EOS- -EOS- -EOS- -EOS- -EOS- -EOS-', ' is -EOS- -EOS- -EOS- -EOS- -EOS- -EOS- -EOS- -EOS- -EOS-']
000, 63, 5, 1, [' is -EOS- -EOS- -EOS- -EOS- -EOS- -EOS- -EOS- -EOS- -EOS-', ' is -EOS- -EOS- -EOS- -EOS- -EOS- -EOS- -EOS- -EOS- -EOS-']
000, 44, 5, 1, [' is -EOS- -EOS- -EOS- -EOS- -EOS- -EOS- -EOS- -EOS- -EOS-', ' is -EOS- -EOS- -EOS- -EOS- -EOS- -EOS- -EOS- -EOS- -EOS-']
000, 51, 0, 1, [' is -EOS- -EOS- -EOS- -EOS- -EOS- -EOS- -EOS- -EOS- -EOS-', ' is -EOS- -EOS- -EOS- -EOS- -EOS- -EOS- -EOS- -EOS- -EOS-']
000, 51, 1, 1, [' is -EOS- -EOS- -EOS- -EOS- -EOS- -EOS- -EOS- -EOS- -EOS-', ' is -EOS- -EOS- -EOS- -EOS- -EOS- -EOS- -EOS- -EOS- -EOS-']
000, 51, 2, 1, [' is -EOS- -EOS- -EOS- -EOS- -EOS- -EOS- -EOS- -EOS- -EOS-', ' is -EOS- -EOS- -EOS- -EOS- -EOS- -EOS- -EOS- -EOS- -EOS-']
000, 51, 3, 1, [' is -EOS- -EOS- -EOS- -EOS- -EOS- -EOS- -EOS- -EOS- -EOS-', ' is -EOS- -EOS- -EOS- -EOS- -EOS- -EOS- -EOS- -EOS- -EOS-']
000, 210, 0, 0, [' is -EOS- -EOS- -EOS- -EOS- -EOS- -EOS- -EOS- -EOS- -EOS-', ' is -EOS- -EOS- -EOS- -EOS- -EOS- -EOS- -EOS- -EOS- -EOS-']
000, 210, 1, 0, [' is -EOS- -EOS- -EOS- -EOS- -EOS- -EOS- -EOS- -EOS- -EOS-', ' is -EOS- -EOS- -EOS- -EOS- -EOS- -EOS- -EOS- -EOS- -EOS-']
000, 210, 2, 0, [' is -EOS- -EOS- -EOS- -EOS- -EOS- -EOS- -EOS- -EOS- -EOS-', ' is -EOS- -EOS- -EOS- -EOS- -EOS- -EOS- -EOS- -EOS- -EOS-']
000, 65, 0, 1, [' is -EOS- -EOS- -EOS- -EOS- -EOS- -EOS- -EOS- -EOS- -EOS-', ' is -EOS- -EOS- -EOS- -EOS- -EOS- -EOS- -EOS- -EOS- -EOS-']
000, 65, 1, 1, [' is is -EOS- -EOS- -EOS- -EOS- -EOS- -EOS- -EOS- -EOS-', ' is -EOS- -EOS- -EOS- -EOS- -EOS- -EOS- -EOS- -EOS- -EOS-']
000, 65, 2, 1, [' is it -EOS- -EOS- -EOS- -EOS- -EOS- -EOS- -EOS- -EOS-', ' is -EOS- -EOS- -EOS- -EOS- -EOS- -EOS- -EOS- -EOS- -EOS-']
000, 65, 3, 1, [' is it -EOS- -EOS- -EOS- -EOS- -EOS- -EOS- -EOS- -EOS-', ' is -EOS- -EOS- -EOS- -EOS- -EOS- -EOS- -EOS- -EOS- -EOS-']
000, 91, 0, 1, [' is it -EOS- -EOS- -EOS- -EOS- -EOS- -EOS- -EOS- -EOS-', ' is -EOS- -EOS- -EOS- -EOS- -EOS- -EOS- -EOS- -EOS- -EOS-']
000, 91, 1, 1, [' is it -EOS- -EOS- -EOS- -EOS- -EOS- -EOS- -EOS- -EOS-', ' is it ? ? ? ? ? ? ? ?']
000, 91, 2, 1, [' is it -EOS- -EOS- -EOS- -EOS- -EOS- -EOS- -EOS- -EOS-', ' is it -EOS- -EOS- -EOS- -EOS- -EOS- -EOS- -EOS- -EOS-']
000, 80, 0, 1, [' is -EOS- -EOS- -EOS- -EOS- -EOS- -EOS- -EOS- -EOS- -EOS-', ' is it -EOS- -EOS- -EOS- -EOS- -EOS- -EOS- -EOS- -EOS-']
000, 80, 1, 1, [' is it -EOS- -EOS- -EOS- -EOS- -EOS- -EOS- -EOS- -EOS-', ' is it ? ? ? ? ? ? ? ?']
000, 80, 2, 1, [' is it ? -EOS- -EOS- -EOS- -EOS- -EOS- -EOS- -EOS-', ' is it -EOS- -EOS- -EOS- -EOS- -EOS- -EOS- -EOS- -EOS-']
000, 82, 0, 1, [' is it -EOS- -EOS- -EOS- -EOS- -EOS- -EOS- -EOS- -EOS-', ' is it -EOS- -EOS- -EOS- -EOS- -EOS- -EOS- -EOS- -EOS-']
000, 85, 0, 1, [' is it -EOS- -EOS- -EOS- -EOS- -EOS- -EOS- -EOS- -EOS-', ' is it -EOS- -EOS- -EOS- -EOS- -EOS- -EOS- -EOS- -EOS-']
000, 82, 1, 1, [' is it ? ? ? ? ? ? ? ?', ' is it ? ? ? ? ? ? ? ?']
000, 85, 1, 1, [' is it ? ? ? ? ? ? ? ?', ' is it ? ? ? ? ? ? ? ?']
000, 82, 2, 1, [' is it ? ? ? ? ? ? ? ?', ' is it ? ? ? ? ? ? ? ?']
000, 85, 2, 1, [' is it ? ? ? ? ? ? ? ?', ' is it ? ? ? ? ? ? ? ?']
000, 88, 0, 1, [' is it -EOS- -EOS- -EOS- -EOS- -EOS- -EOS- -EOS- -EOS-', ' is it ? -EOS- -EOS- -EOS- -EOS- -EOS- -EOS- -EOS-']
000, 88, 1, 1, [' is it ? ? ? ? ? ? ? ?', ' is it ? ? ? ? ? ? ? ?']
000, 88, 2, 1, [' is it ? ? ? ? ? ? ? ?', ' is it ? ? ? ? ? ? ? ?']
000, 88, 3, 1, [' is it ? ? ? ? ? ? ? ?', ' is it ? ? ? ? ? ? ? ?']
000, 88, 4, 1, [' is it ? -EOS- -EOS- -EOS- -EOS- -EOS- -EOS- -EOS-', ' is it ? ? ? ? ? ? ? ?']
000, 77, 0, 1, [' is it -EOS- -EOS- -EOS- -EOS- -EOS- -EOS- -EOS- -EOS-', ' is it -EOS- -EOS- -EOS- -EOS- -EOS- -EOS- -EOS- -EOS-']
000, 77, 1, 1, [' is it ? ? ? ? ? ? ? ?', ' is it ? ? ? ? ? ? ? ?']
000, 77, 2, 1, [' is it ? ? ? ? ? ? ? ?', ' is it ? ? ? ? ? ? ? ?']
000, 77, 3, 1, [' is it -EOS- -EOS- -EOS- -EOS- -EOS- -EOS- -EOS- -EOS-', ' is it ? -EOS- -EOS- -EOS- -EOS- -EOS- -EOS- -EOS-']
000, 77, 4, 1, [' is it -EOS- -EOS- -EOS- -EOS- -EOS- -EOS- -EOS- -EOS-', ' is it ? -EOS- -EOS- -EOS- -EOS- -EOS- -EOS- -EOS-']
000, 77, 5, 1, [' is it -EOS- -EOS- -EOS- -EOS- -EOS- -EOS- -EOS- -EOS-', ' is it -EOS- -EOS- -EOS- -EOS- -EOS- -EOS- -EOS- -EOS-']
000, 68, 0, 1, [' is it -EOS- -EOS- -EOS- -EOS- -EOS- -EOS- -EOS- -EOS-', ' is it -EOS- -EOS- -EOS- -EOS- -EOS- -EOS- -EOS- -EOS-']
000, 73, 0, 1, [' is it -EOS- -EOS- -EOS- -EOS- -EOS- -EOS- -EOS- -EOS-', ' is it -EOS- -EOS- -EOS- -EOS- -EOS- -EOS- -EOS- -EOS-']
000, 68, 1, 1, [' is it ? -EOS- -EOS- -EOS- -EOS- -EOS- -EOS- -EOS-', ' is it -EOS- -EOS- -EOS- -EOS- -EOS- -EOS- -EOS- -EOS-']
000, 73, 1, 1, [' is it ? -EOS- -EOS- -EOS- -EOS- -EOS- -EOS- -EOS-', ' is it -EOS- -EOS- -EOS- -EOS- -EOS- -EOS- -EOS- -EOS-']
000, 68, 2, 1, [' is it ? -EOS- -EOS- -EOS- -EOS- -EOS- -EOS- -EOS-', ' is it -EOS- -EOS- -EOS- -EOS- -EOS- -EOS- -EOS- -EOS-']
000, 73, 2, 1, [' is it ? -EOS- -EOS- -EOS- -EOS- -EOS- -EOS- -EOS-', ' is it -EOS- -EOS- -EOS- -EOS- -EOS- -EOS- -EOS- -EOS-']
000, 70, 0, 1, [' is it -EOS- -EOS- -EOS- -EOS- -EOS- -EOS- -EOS- -EOS-', ' is it -EOS- -EOS- -EOS- -EOS- -EOS- -EOS- -EOS- -EOS-']
000, 70, 1, 1, [' is it ? ? ? ? ? ? ? ?', ' is it -EOS- -EOS- -EOS- -EOS- -EOS- -EOS- -EOS- -EOS-']
000, 70, 2, 1, [' is it -EOS- -EOS- -EOS- -EOS- -EOS- -EOS- -EOS- -EOS-', ' is it -EOS- -EOS- -EOS- -EOS- -EOS- -EOS- -EOS- -EOS-']
000, 46, 0, 0, [' is it -EOS- -EOS- -EOS- -EOS- -EOS- -EOS- -EOS- -EOS-', ' is it -EOS- -EOS- -EOS- -EOS- -EOS- -EOS- -EOS- -EOS-']
000, 46, 0, 0, [' is it -EOS- -EOS- -EOS- -EOS- -EOS- -EOS- -EOS- -EOS-', ' is it -EOS- -EOS- -EOS- -EOS- -EOS- -EOS- -EOS- -EOS-']
000, 46, 1, 0, [' is it -EOS- -EOS- -EOS- -EOS- -EOS- -EOS- -EOS- -EOS-', ' is it -EOS- -EOS- -EOS- -EOS- -EOS- -EOS- -EOS- -EOS-']
000, 46, 1, 0, [' is it -EOS- -EOS- -EOS- -EOS- -EOS- -EOS- -EOS- -EOS-', ' is it -EOS- -EOS- -EOS- -EOS- -EOS- -EOS- -EOS- -EOS-']
000, 46, 2, 0, [' is it -EOS- -EOS- -EOS- -EOS- -EOS- -EOS- -EOS- -EOS-', ' is it -EOS- -EOS- -EOS- -EOS- -EOS- -EOS- -EOS- -EOS-']
000, 46, 2, 0, [' is it -EOS- -EOS- -EOS- -EOS- -EOS- -EOS- -EOS- -EOS-', ' is it -EOS- -EOS- -EOS- -EOS- -EOS- -EOS- -EOS- -EOS-']
000, 46, 3, 0, [' is it -EOS- -EOS- -EOS- -EOS- -EOS- -EOS- -EOS- -EOS-', ' is it -EOS- -EOS- -EOS- -EOS- -EOS- -EOS- -EOS- -EOS-']
000, 46, 3, 0, [' is it -EOS- -EOS- -EOS- -EOS- -EOS- -EOS- -EOS- -EOS-', ' is it -EOS- -EOS- -EOS- -EOS- -EOS- -EOS- -EOS- -EOS-']
000, 46, 4, 0, [' is it -EOS- -EOS- -EOS- -EOS- -EOS- -EOS- -EOS- -EOS-', ' is it -EOS- -EOS- -EOS- -EOS- -EOS- -EOS- -EOS- -EOS-']
000, 46, 4, 0, [' is it -EOS- -EOS- -EOS- -EOS- -EOS- -EOS- -EOS- -EOS-', ' is it -EOS- -EOS- -EOS- -EOS- -EOS- -EOS- -EOS- -EOS-']
000, 96, 0, 1, [' is it -EOS- -EOS- -EOS- -EOS- -EOS- -EOS- -EOS- -EOS-', ' is it -EOS- -EOS- -EOS- -EOS- -EOS- -EOS- -EOS- -EOS-']
000, 96, 1, 1, [' is it ? -EOS- -EOS- -EOS- -EOS- -EOS- -EOS- -EOS-', ' is it ? ? ? ? ? ? ? ?']
000, 96, 2, 1, [' is it -EOS- -EOS- -EOS- -EOS- -EOS- -EOS- -EOS- -EOS-', ' is it ? ? ? ? ? ? ? ?']
000, 116, 0, 1, [' is it ? -EOS- -EOS- -EOS- -EOS- -EOS- -EOS- -EOS-', ' is it -EOS- -EOS- -EOS- -EOS- -EOS- -EOS- -EOS- -EOS-']
000, 116, 1, 1, [' is it ? ? ? ? ? ? ? ?', ' is it ? -EOS- -EOS- -EOS- -EOS- -EOS- -EOS- -EOS-']
000, 116, 2, 1, [' is it ? ? ? ? ? ? ? ?', ' is it -EOS- -EOS- -EOS- -EOS- -EOS- -EOS- -EOS- -EOS-']
000, 100, 0, 1, [' is it ? -EOS- -EOS- -EOS- -EOS- -EOS- -EOS- -EOS-', ' is it -EOS- -EOS- -EOS- -EOS- -EOS- -EOS- -EOS- -EOS-']
000, 100, 1, 1, [' is it ? -EOS- -EOS- -EOS- -EOS- -EOS- -EOS- -EOS-', ' is it -EOS- -EOS- -EOS- -EOS- -EOS- -EOS- -EOS- -EOS-']
000, 100, 2, 1, [' is it -EOS- -EOS- -EOS- -EOS- -EOS- -EOS- -EOS- -EOS-', ' is it -EOS- -EOS- -EOS- -EOS- -EOS- -EOS- -EOS- -EOS-']
000, 107, 0, 1, [' is it -EOS- -EOS- -EOS- -EOS- -EOS- -EOS- -EOS- -EOS-', ' is it -EOS- -EOS- -EOS- -EOS- -EOS- -EOS- -EOS- -EOS-']
000, 107, 1, 1, [' is it -EOS- -EOS- -EOS- -EOS- -EOS- -EOS- -EOS- -EOS-', ' is it ? -EOS- -EOS- -EOS- -EOS- -EOS- -EOS- -EOS-']
000, 107, 2, 1, [' is it -EOS- -EOS- -EOS- -EOS- -EOS- -EOS- -EOS- -EOS-', ' is it ? ? ? ? ? ? ? ?']
000, 109, 0, 1, [' is it -EOS- -EOS- -EOS- -EOS- -EOS- -EOS- -EOS- -EOS-', ' is it ? -EOS- -EOS- -EOS- -EOS- -EOS- -EOS- -EOS-']
000, 105, 0, 1, [' is it -EOS- -EOS- -EOS- -EOS- -EOS- -EOS- -EOS- -EOS-', ' is it ? -EOS- -EOS- -EOS- -EOS- -EOS- -EOS- -EOS-']
000, 109, 1, 1, [' is it ? -EOS- -EOS- -EOS- -EOS- -EOS- -EOS- -EOS-', ' is it ? -EOS- -EOS- -EOS- -EOS- -EOS- -EOS- -EOS-']
000, 105, 1, 1, [' is it ? -EOS- -EOS- -EOS- -EOS- -EOS- -EOS- -EOS-', ' is it ? -EOS- -EOS- -EOS- -EOS- -EOS- -EOS- -EOS-']
000, 109, 2, 1, [' is it -EOS- -EOS- -EOS- -EOS- -EOS- -EOS- -EOS- -EOS-', ' is it ? ? ? ? ? ? ? ?']
000, 105, 2, 1, [' is it -EOS- -EOS- -EOS- -EOS- -EOS- -EOS- -EOS- -EOS-', ' is it ? ? ? ? ? ? ? ?']
