000, 7, 0, 1, [' stood stood stood stood stood stood stood stood stood stood', ' warm warm warm warm warm warm warm warm warm warm']
000, 7, 1, 1, [' gum gum gum gum gum gum gum gum gum gum', ' warm warm warm warm warm warm warm warm warm warm']
000, 7, 2, 1, [' gum gum gum gum gum gum gum gum gum gum', ' warm warm warm warm warm warm warm warm warm warm']
000, 7, 3, 1, [' it it it it it it it it it it', ' -EOS- -EOS- -EOS- -EOS- -EOS- -EOS- -EOS- -EOS- -EOS- -EOS-']
000, 7, 4, 1, [' is it it it it it it it it it', ' -EOS- -EOS- -EOS- -EOS- -EOS- -EOS- -EOS- -EOS- -EOS- -EOS-']
000, 7, 5, 1, [' is it it it it it it it it it', ' -EOS- -EOS- -EOS- -EOS- -EOS- -EOS- -EOS- -EOS- -EOS- -EOS-']
000, 7, 6, 1, [' is it it it it it it it it it', ' it it it it it it it it it it']
000, 7, 7, 1, [' is it it it it it it it it it', ' it it it it it it it it it it']
000, 15, 0, 1, [' -EOS- -EOS- -EOS- -EOS- -EOS- -EOS- -EOS- -EOS- -EOS- -EOS-', ' -EOS- -EOS- -EOS- -EOS- -EOS- -EOS- -EOS- -EOS- -EOS- -EOS-']
000, 3, 0, 1, [' -EOS- -EOS- -EOS- -EOS- -EOS- -EOS- -EOS- -EOS- -EOS- -EOS-', ' -EOS- -EOS- -EOS- -EOS- -EOS- -EOS- -EOS- -EOS- -EOS- -EOS-']
000, 15, 1, 1, [' -EOS- -EOS- -EOS- -EOS- -EOS- -EOS- -EOS- -EOS- -EOS- -EOS-', ' -EOS- -EOS- -EOS- -EOS- -EOS- -EOS- -EOS- -EOS- -EOS- -EOS-']
000, 3, 1, 1, [' -EOS- -EOS- -EOS- -EOS- -EOS- -EOS- -EOS- -EOS- -EOS- -EOS-', ' -EOS- -EOS- -EOS- -EOS- -EOS- -EOS- -EOS- -EOS- -EOS- -EOS-']
000, 15, 2, 1, [' -EOS- -EOS- -EOS- -EOS- -EOS- -EOS- -EOS- -EOS- -EOS- -EOS-', ' -EOS- -EOS- -EOS- -EOS- -EOS- -EOS- -EOS- -EOS- -EOS- -EOS-']
000, 3, 2, 1, [' -EOS- -EOS- -EOS- -EOS- -EOS- -EOS- -EOS- -EOS- -EOS- -EOS-', ' -EOS- -EOS- -EOS- -EOS- -EOS- -EOS- -EOS- -EOS- -EOS- -EOS-']
000, 15, 3, 1, [' -EOS- -EOS- -EOS- -EOS- -EOS- -EOS- -EOS- -EOS- -EOS- -EOS-', ' -EOS- -EOS- -EOS- -EOS- -EOS- -EOS- -EOS- -EOS- -EOS- -EOS-']
000, 3, 3, 1, [' -EOS- -EOS- -EOS- -EOS- -EOS- -EOS- -EOS- -EOS- -EOS- -EOS-', ' -EOS- -EOS- -EOS- -EOS- -EOS- -EOS- -EOS- -EOS- -EOS- -EOS-']
000, 15, 4, 1, [' -EOS- -EOS- -EOS- -EOS- -EOS- -EOS- -EOS- -EOS- -EOS- -EOS-', ' -EOS- -EOS- -EOS- -EOS- -EOS- -EOS- -EOS- -EOS- -EOS- -EOS-']
000, 3, 4, 1, [' -EOS- -EOS- -EOS- -EOS- -EOS- -EOS- -EOS- -EOS- -EOS- -EOS-', ' -EOS- -EOS- -EOS- -EOS- -EOS- -EOS- -EOS- -EOS- -EOS- -EOS-']
000, 15, 5, 1, [' -EOS- -EOS- -EOS- -EOS- -EOS- -EOS- -EOS- -EOS- -EOS- -EOS-', ' -EOS- -EOS- -EOS- -EOS- -EOS- -EOS- -EOS- -EOS- -EOS- -EOS-']
000, 3, 5, 1, [' -EOS- -EOS- -EOS- -EOS- -EOS- -EOS- -EOS- -EOS- -EOS- -EOS-', ' -EOS- -EOS- -EOS- -EOS- -EOS- -EOS- -EOS- -EOS- -EOS- -EOS-']
000, 15, 6, 1, [' -EOS- -EOS- -EOS- -EOS- -EOS- -EOS- -EOS- -EOS- -EOS- -EOS-', ' -EOS- -EOS- -EOS- -EOS- -EOS- -EOS- -EOS- -EOS- -EOS- -EOS-']
000, 3, 6, 1, [' -EOS- -EOS- -EOS- -EOS- -EOS- -EOS- -EOS- -EOS- -EOS- -EOS-', ' -EOS- -EOS- -EOS- -EOS- -EOS- -EOS- -EOS- -EOS- -EOS- -EOS-']
000, 5, 0, 1, [' -EOS- -EOS- -EOS- -EOS- -EOS- -EOS- -EOS- -EOS- -EOS- -EOS-', ' -EOS- -EOS- -EOS- -EOS- -EOS- -EOS- -EOS- -EOS- -EOS- -EOS-']
000, 5, 1, 1, [' -EOS- -EOS- -EOS- -EOS- -EOS- -EOS- -EOS- -EOS- -EOS- -EOS-', ' -EOS- -EOS- -EOS- -EOS- -EOS- -EOS- -EOS- -EOS- -EOS- -EOS-']
000, 9, 0, 1, [' -EOS- -EOS- -EOS- -EOS- -EOS- -EOS- -EOS- -EOS- -EOS- -EOS-', ' -EOS- -EOS- -EOS- -EOS- -EOS- -EOS- -EOS- -EOS- -EOS- -EOS-']
000, 9, 1, 1, [' -EOS- -EOS- -EOS- -EOS- -EOS- -EOS- -EOS- -EOS- -EOS- -EOS-', ' -EOS- -EOS- -EOS- -EOS- -EOS- -EOS- -EOS- -EOS- -EOS- -EOS-']
000, 9, 2, 1, [' -EOS- -EOS- -EOS- -EOS- -EOS- -EOS- -EOS- -EOS- -EOS- -EOS-', ' -EOS- -EOS- -EOS- -EOS- -EOS- -EOS- -EOS- -EOS- -EOS- -EOS-']
000, 11, 0, 1, [' -EOS- -EOS- -EOS- -EOS- -EOS- -EOS- -EOS- -EOS- -EOS- -EOS-', ' -EOS- -EOS- -EOS- -EOS- -EOS- -EOS- -EOS- -EOS- -EOS- -EOS-']
000, 19, 0, 1, [' -EOS- -EOS- -EOS- -EOS- -EOS- -EOS- -EOS- -EOS- -EOS- -EOS-', ' -EOS- -EOS- -EOS- -EOS- -EOS- -EOS- -EOS- -EOS- -EOS- -EOS-']
000, 11, 1, 1, [' -EOS- -EOS- -EOS- -EOS- -EOS- -EOS- -EOS- -EOS- -EOS- -EOS-', ' -EOS- -EOS- -EOS- -EOS- -EOS- -EOS- -EOS- -EOS- -EOS- -EOS-']
000, 19, 1, 1, [' -EOS- -EOS- -EOS- -EOS- -EOS- -EOS- -EOS- -EOS- -EOS- -EOS-', ' -EOS- -EOS- -EOS- -EOS- -EOS- -EOS- -EOS- -EOS- -EOS- -EOS-']
000, 11, 2, 1, [' -EOS- -EOS- -EOS- -EOS- -EOS- -EOS- -EOS- -EOS- -EOS- -EOS-', ' -EOS- -EOS- -EOS- -EOS- -EOS- -EOS- -EOS- -EOS- -EOS- -EOS-']
000, 19, 2, 1, [' -EOS- -EOS- -EOS- -EOS- -EOS- -EOS- -EOS- -EOS- -EOS- -EOS-', ' -EOS- -EOS- -EOS- -EOS- -EOS- -EOS- -EOS- -EOS- -EOS- -EOS-']
000, 11, 3, 1, [' -EOS- -EOS- -EOS- -EOS- -EOS- -EOS- -EOS- -EOS- -EOS- -EOS-', ' -EOS- -EOS- -EOS- -EOS- -EOS- -EOS- -EOS- -EOS- -EOS- -EOS-']
000, 19, 3, 1, [' -EOS- -EOS- -EOS- -EOS- -EOS- -EOS- -EOS- -EOS- -EOS- -EOS-', ' -EOS- -EOS- -EOS- -EOS- -EOS- -EOS- -EOS- -EOS- -EOS- -EOS-']
000, 13, 0, 1, [' -EOS- -EOS- -EOS- -EOS- -EOS- -EOS- -EOS- -EOS- -EOS- -EOS-', ' -EOS- -EOS- -EOS- -EOS- -EOS- -EOS- -EOS- -EOS- -EOS- -EOS-']
000, 13, 1, 1, [' -EOS- -EOS- -EOS- -EOS- -EOS- -EOS- -EOS- -EOS- -EOS- -EOS-', ' -EOS- -EOS- -EOS- -EOS- -EOS- -EOS- -EOS- -EOS- -EOS- -EOS-']
000, 13, 2, 1, [' -EOS- -EOS- -EOS- -EOS- -EOS- -EOS- -EOS- -EOS- -EOS- -EOS-', ' -EOS- -EOS- -EOS- -EOS- -EOS- -EOS- -EOS- -EOS- -EOS- -EOS-']
000, 13, 3, 1, [' -EOS- -EOS- -EOS- -EOS- -EOS- -EOS- -EOS- -EOS- -EOS- -EOS-', ' -EOS- -EOS- -EOS- -EOS- -EOS- -EOS- -EOS- -EOS- -EOS- -EOS-']
000, 13, 4, 1, [' -EOS- -EOS- -EOS- -EOS- -EOS- -EOS- -EOS- -EOS- -EOS- -EOS-', ' -EOS- -EOS- -EOS- -EOS- -EOS- -EOS- -EOS- -EOS- -EOS- -EOS-']
000, 13, 5, 1, [' -EOS- -EOS- -EOS- -EOS- -EOS- -EOS- -EOS- -EOS- -EOS- -EOS-', ' -EOS- -EOS- -EOS- -EOS- -EOS- -EOS- -EOS- -EOS- -EOS- -EOS-']
000, 13, 6, 1, [' -EOS- -EOS- -EOS- -EOS- -EOS- -EOS- -EOS- -EOS- -EOS- -EOS-', ' -EOS- -EOS- -EOS- -EOS- -EOS- -EOS- -EOS- -EOS- -EOS- -EOS-']
000, 13, 7, 1, [' -EOS- -EOS- -EOS- -EOS- -EOS- -EOS- -EOS- -EOS- -EOS- -EOS-', ' -EOS- -EOS- -EOS- -EOS- -EOS- -EOS- -EOS- -EOS- -EOS- -EOS-']
000, 13, 8, 1, [' -EOS- -EOS- -EOS- -EOS- -EOS- -EOS- -EOS- -EOS- -EOS- -EOS-', ' -EOS- -EOS- -EOS- -EOS- -EOS- -EOS- -EOS- -EOS- -EOS- -EOS-']
000, 13, 9, 1, [' -EOS- -EOS- -EOS- -EOS- -EOS- -EOS- -EOS- -EOS- -EOS- -EOS-', ' -EOS- -EOS- -EOS- -EOS- -EOS- -EOS- -EOS- -EOS- -EOS- -EOS-']
000, 13, 10, 1, [' -EOS- -EOS- -EOS- -EOS- -EOS- -EOS- -EOS- -EOS- -EOS- -EOS-', ' -EOS- -EOS- -EOS- -EOS- -EOS- -EOS- -EOS- -EOS- -EOS- -EOS-']
000, 13, 11, 1, [' -EOS- -EOS- -EOS- -EOS- -EOS- -EOS- -EOS- -EOS- -EOS- -EOS-', ' -EOS- -EOS- -EOS- -EOS- -EOS- -EOS- -EOS- -EOS- -EOS- -EOS-']
000, 13, 12, 1, [' is -EOS- -EOS- -EOS- -EOS- -EOS- -EOS- -EOS- -EOS- -EOS-', ' -EOS- -EOS- -EOS- -EOS- -EOS- -EOS- -EOS- -EOS- -EOS- -EOS-']
000, 13, 13, 1, [' is -EOS- -EOS- -EOS- -EOS- -EOS- -EOS- -EOS- -EOS- -EOS-', ' -EOS- -EOS- -EOS- -EOS- -EOS- -EOS- -EOS- -EOS- -EOS- -EOS-']
000, 13, 14, 1, [' is -EOS- -EOS- -EOS- -EOS- -EOS- -EOS- -EOS- -EOS- -EOS-', ' -EOS- -EOS- -EOS- -EOS- -EOS- -EOS- -EOS- -EOS- -EOS- -EOS-']
000, 13, 15, 1, [' is -EOS- -EOS- -EOS- -EOS- -EOS- -EOS- -EOS- -EOS- -EOS-', ' is -EOS- -EOS- -EOS- -EOS- -EOS- -EOS- -EOS- -EOS- -EOS-']
000, 17, 0, 1, [' is ? ? ? ? ? ? ? ? ?', ' is -EOS- -EOS- -EOS- -EOS- -EOS- -EOS- -EOS- -EOS- -EOS-']
000, 0, 0, 1, [' is ? ? ? ? ? ? ? ? ?', ' is -EOS- -EOS- -EOS- -EOS- -EOS- -EOS- -EOS- -EOS- -EOS-']
000, 17, 1, 1, [' is ? ? ? ? ? ? ? ? ?', ' is -EOS- -EOS- -EOS- -EOS- -EOS- -EOS- -EOS- -EOS- -EOS-']
000, 0, 1, 1, [' is ? ? ? ? ? ? ? ? ?', ' is -EOS- -EOS- -EOS- -EOS- -EOS- -EOS- -EOS- -EOS- -EOS-']
000, 17, 2, 1, [' is ? ? ? ? ? ? ? ? ?', ' is -EOS- -EOS- -EOS- -EOS- -EOS- -EOS- -EOS- -EOS- -EOS-']
000, 0, 2, 1, [' is ? ? ? ? ? ? ? ? ?', ' is -EOS- -EOS- -EOS- -EOS- -EOS- -EOS- -EOS- -EOS- -EOS-']
000, 17, 3, 1, [' is ? ? ? ? ? ? ? ? ?', ' is -EOS- -EOS- -EOS- -EOS- -EOS- -EOS- -EOS- -EOS- -EOS-']
000, 0, 3, 1, [' is ? ? ? ? ? ? ? ? ?', ' is -EOS- -EOS- -EOS- -EOS- -EOS- -EOS- -EOS- -EOS- -EOS-']
000, 17, 4, 1, [' is ? ? ? ? ? ? ? ? ?', ' is -EOS- -EOS- -EOS- -EOS- -EOS- -EOS- -EOS- -EOS- -EOS-']
000, 0, 4, 1, [' is ? ? ? ? ? ? ? ? ?', ' is -EOS- -EOS- -EOS- -EOS- -EOS- -EOS- -EOS- -EOS- -EOS-']
000, 17, 5, 1, [' is ? ? ? ? ? ? ? ? ?', ' is -EOS- -EOS- -EOS- -EOS- -EOS- -EOS- -EOS- -EOS- -EOS-']
000, 0, 5, 1, [' is ? ? ? ? ? ? ? ? ?', ' is -EOS- -EOS- -EOS- -EOS- -EOS- -EOS- -EOS- -EOS- -EOS-']
000, 17, 6, 1, [' is ? ? ? ? ? ? ? ? ?', ' is -EOS- -EOS- -EOS- -EOS- -EOS- -EOS- -EOS- -EOS- -EOS-']
000, 0, 6, 1, [' is ? ? ? ? ? ? ? ? ?', ' is -EOS- -EOS- -EOS- -EOS- -EOS- -EOS- -EOS- -EOS- -EOS-']
000, 42, 0, 0, [' is ? ? ? ? ? ? ? ? ?', ' is ? ? ? ? ? ? ? ? ?']
000, 42, 1, 0, [' is ? ? ? ? ? ? ? ? ?', ' is ? ? ? ? ? ? ? ? ?']
000, 42, 2, 0, [' is ? ? ? ? ? ? ? ? ?', ' is ? ? ? ? ? ? ? ? ?']
000, 42, 3, 0, [' is ? ? ? ? ? ? ? ? ?', ' is ? ? ? ? ? ? ? ? ?']
000, 36, 0, 0, [' is ? ? ? ? ? ? ? ? ?', ' is ? ? ? ? ? ? ? ? ?']
000, 167, 0, 0, [' is ? ? ? ? ? ? ? ? ?', ' is ? ? ? ? ? ? ? ? ?']
000, 36, 1, 0, [' is ? ? ? ? ? ? ? ? ?', ' is ? ? ? ? ? ? ? ? ?']
000, 167, 1, 0, [' is ? ? ? ? ? ? ? ? ?', ' is ? ? ? ? ? ? ? ? ?']
000, 107, 0, 0, [' is ? ? ? ? ? ? ? ? ?', ' is ? ? ? ? ? ? ? ? ?']
000, 107, 1, 0, [' is ? ? ? ? ? ? ? ? ?', ' is ? ? ? ? ? ? ? ? ?']
000, 107, 2, 0, [' is ? ? ? ? ? ? ? ? ?', ' is ? ? ? ? ? ? ? ? ?']
000, 107, 3, 0, [' is ? ? ? ? ? ? ? ? ?', ' is ? ? ? ? ? ? ? ? ?']
000, 107, 4, 0, [' is ? ? ? ? ? ? ? ? ?', ' is ? ? ? ? ? ? ? ? ?']
000, 187, 0, 0, [' is ? ? ? ? ? ? ? ? ?', ' is ? ? ? ? ? ? ? ? ?']
000, 42, 0, 0, [' is ? ? ? ? ? ? ? ? ?', ' is ? ? ? ? ? ? ? ? ?']
000, 187, 1, 0, [' is ? ? ? ? ? ? ? ? ?', ' is ? ? ? ? ? ? ? ? ?']
000, 42, 1, 0, [' is ? ? ? ? ? ? ? ? ?', ' is ? ? ? ? ? ? ? ? ?']
000, 187, 2, 0, [' is ? ? ? ? ? ? ? ? ?', ' is ? ? ? ? ? ? ? ? ?']
000, 42, 2, 0, [' is ? ? ? ? ? ? ? ? ?', ' is ? ? ? ? ? ? ? ? ?']
000, 187, 3, 0, [' is ? ? ? ? ? ? ? ? ?', ' is ? ? ? ? ? ? ? ? ?']
000, 42, 3, 0, [' is ? ? ? ? ? ? ? ? ?', ' is ? ? ? ? ? ? ? ? ?']
000, 119, 0, 0, [' is ? ? ? ? ? ? ? ? ?', ' is ? ? ? ? ? ? ? ? ?']
000, 119, 1, 0, [' is ? ? ? ? ? ? ? ? ?', ' is ? ? ? ? ? ? ? ? ?']
000, 119, 2, 0, [' is ? ? ? ? ? ? ? ? ?', ' is ? ? ? ? ? ? ? ? ?']
000, 119, 3, 0, [' is ? ? ? ? ? ? ? ? ?', ' is ? ? ? ? ? ? ? ? ?']
000, 119, 4, 0, [' is ? ? ? ? ? ? ? ? ?', ' is ? ? ? ? ? ? ? ? ?']
000, 119, 5, 0, [' is ? ? ? ? ? ? ? ? ?', ' is ? ? ? ? ? ? ? ? ?']
000, 119, 6, 0, [' is ? ? ? ? ? ? ? ? ?', ' is ? ? ? ? ? ? ? ? ?']
000, 119, 7, 0, [' is ? ? ? ? ? ? ? ? ?', ' is ? ? ? ? ? ? ? ? ?']
000, 119, 8, 0, [' is ? ? ? ? ? ? ? ? ?', ' is ? ? ? ? ? ? ? ? ?']
000, 119, 9, 0, [' is ? ? ? ? ? ? ? ? ?', ' is ? ? ? ? ? ? ? ? ?']
000, 119, 10, 0, [' is ? ? ? ? ? ? ? ? ?', ' is ? ? ? ? ? ? ? ? ?']
000, 119, 11, 0, [' is ? ? ? ? ? ? ? ? ?', ' is ? ? ? ? ? ? ? ? ?']
000, 187, 0, 0, [' is ? ? ? ? ? ? ? ? ?', ' is ? ? ? ? ? ? ? ? ?']
000, 187, 1, 0, [' is ? ? ? ? ? ? ? ? ?', ' is ? ? ? ? ? ? ? ? ?']
000, 187, 2, 0, [' is ? ? ? ? ? ? ? ? ?', ' is ? ? ? ? ? ? ? ? ?']
000, 159, 0, 0, [' is ? ? ? ? ? ? ? ? ?', ' is ? ? ? ? ? ? ? ? ?']
000, 159, 1, 0, [' is ? ? ? ? ? ? ? ? ?', ' is ? ? ? ? ? ? ? ? ?']
000, 159, 2, 0, [' is ? ? ? ? ? ? ? ? ?', ' is ? ? ? ? ? ? ? ? ?']
000, 48, 0, 0, [' is ? ? ? ? ? ? ? ? ?', ' is ? ? ? ? ? ? ? ? ?']
000, 48, 1, 0, [' is ? ? ? ? ? ? ? ? ?', ' is ? ? ? ? ? ? ? ? ?']
000, 48, 2, 0, [' is ? ? ? ? ? ? ? ? ?', ' is ? ? ? ? ? ? ? ? ?']
000, 48, 3, 0, [' is ? ? ? ? ? ? ? ? ?', ' is ? ? ? ? ? ? ? ? ?']
