000, 16142, 0, terms signboard lamp slicer overlapping overlapping 
000, 16142, 1, column column lamp overlapping overlapping slicer 
000, 16142, 2, obama lamp lamp slicer slicer slicer slicer feed 
000, 16142, 3, self lamp lamp slicer slicer slicer slicer feed feed feed feed feed feed feed 
000, 60047, 0, atop atop atop duffle duffle 
000, 60047, 1, column drink drink duffle duffle 
000, 60047, 2, column drink drink pm duffle duffle duffle 
000, 60047, 3, blonde drink drink duffle duffle duffle duffle duffle duffle duffle duffle 
000, 60047, 4, blonde drink pm duffle duffle duffle duffle 
000, 60047, 5, did drink pm duffle duffle duffle duffle duffle duffle duffle 
000, 60047, 6, did drink drink duffle duffle 
000, 60047, 7, column drink drink duffle duffle duffle 
000, 53573, 0, leading padded padded padded 
000, 53573, 1, leading padded padded padded 
000, 53573, 2, leading blue/yellow padded padded padded padded 
000, 53573, 3, leading blue/yellow padded padded padded padded 
000, 81977, 0, leading weaning weaning weaning weaning bundle 
000, 81977, 1, leading york weaning weaning weaning bundle 
001, 16142, 0, circle is ? -EOS- 
001, 16142, 1, leading is -EOS- 
001, 16142, 2, is is -EOS- 
001, 16142, 3, is is -EOS- 
001, 60047, 0, monument monument ? ? ? 
001, 60047, 1, is is ? ? ? 
001, 60047, 2, is is ? ? ? ? -EOS- 
001, 60047, 3, is is ? ? ? -EOS- 
001, 60047, 4, is is ? ? ? ? ? 
001, 60047, 5, is is ? ? ? ? ? -EOS- 
001, 60047, 6, is ? ? ? -EOS- 
001, 60047, 7, is is ? ? ? ? 
001, 53573, 0, leading -EOS- 
001, 53573, 1, leading ? left -EOS- 
001, 53573, 2, leading -EOS- 
001, 53573, 3, leading ? ? left -EOS- 
001, 81977, 0, is is is ? -EOS- 
001, 81977, 1, is is is hats bundle closet 
002, 16142, 0, is a a a a a 
002, 16142, 1, is a a a a a 
002, 16142, 2, is is a a a -EOS- 
002, 16142, 3, is is a a a a a a a a -EOS- 
002, 60047, 0, is ? ? ? ? 
002, 60047, 1, is is ? ? ? 
002, 60047, 2, is is ? ? ? ? -EOS- 
002, 60047, 3, is is ? ? ? ? -EOS- 
002, 60047, 4, is is ? ? ? ? ? 
002, 60047, 5, is is ? ? ? ? ? ? ? ? 
002, 60047, 6, is is ? ? -EOS- 
002, 60047, 7, is is ? ? ? ? 
002, 53573, 0, ? -EOS- 
002, 53573, 1, ? ? ? -EOS- 
002, 53573, 2, ? ? -EOS- 
002, 53573, 3, ? ? ? -EOS- 
002, 81977, 0, is is is -EOS- 
002, 81977, 1, is is ? ? ? ? 
003, 16142, 0, is a a a a a 
003, 16142, 1, is a a a a a 
003, 16142, 2, is is a a a a a a 
003, 16142, 3, is is a a a a a a a a a a a a 
003, 60047, 0, is ? ? ? ? 
003, 60047, 1, is is ? ? ? 
003, 60047, 2, is is ? ? ? ? -EOS- 
003, 60047, 3, is is ? ? ? ? ? ? ? ? ? 
003, 60047, 4, is is ? ? ? ? ? 
003, 60047, 5, is is ? ? ? ? ? ? ? ? 
003, 60047, 6, is is ? ? ? 
003, 60047, 7, is is ? ? ? ? 
003, 53573, 0, -EOS- 
003, 53573, 1, ? ? ? -EOS- 
003, 53573, 2, ? -EOS- 
003, 53573, 3, ? -EOS- 
003, 81977, 0, is is is ? -EOS- 
003, 81977, 1, is is ? -EOS- 
004, 16142, 0, is a a a a a 
004, 16142, 1, is a a a a a 
004, 16142, 2, is is a a a -EOS- 
004, 16142, 3, is is a a a a a a a a a a a a 
004, 60047, 0, is ? ? ? ? 
004, 60047, 1, is ? ? ? ? 
004, 60047, 2, is ? ? ? ? ? ? 
004, 60047, 3, is is ? ? ? ? ? ? ? ? ? 
004, 60047, 4, is is ? ? ? ? ? 
004, 60047, 5, is ? ? ? ? ? ? ? ? ? 
004, 60047, 6, is is ? ? ? 
004, 60047, 7, is is ? ? ? ? 
004, 53573, 0, -EOS- 
004, 53573, 1, ? -EOS- 
004, 53573, 2, ? -EOS- 
004, 53573, 3, ? -EOS- 
004, 81977, 0, is is -EOS- 
004, 81977, 1, is is ? -EOS- 
005, 16142, 0, is a a a -EOS- 
005, 16142, 1, is a a a -EOS- 
005, 16142, 2, is a a a a -EOS- 
005, 16142, 3, is a a a a a a a a a -EOS- 
005, 60047, 0, is ? ? ? ? 
005, 60047, 1, is ? ? ? ? 
005, 60047, 2, is ? ? ? ? ? ? 
005, 60047, 3, is ? ? ? ? ? ? ? ? ? ? 
005, 60047, 4, is ? ? ? ? ? ? 
005, 60047, 5, is ? ? ? ? ? ? ? ? ? 
005, 60047, 6, is ? ? ? ? 
005, 60047, 7, is ? ? ? ? ? 
005, 53573, 0, -EOS- 
005, 53573, 1, ? -EOS- 
005, 53573, 2, ? -EOS- 
005, 53573, 3, ? -EOS- 
005, 81977, 0, is it -EOS- 
005, 81977, 1, is is ? -EOS- 
006, 16142, 0, is a a a -EOS- 
006, 16142, 1, is a a a -EOS- 
006, 16142, 2, is a a a a -EOS- 
006, 16142, 3, is a a a a a a -EOS- 
006, 60047, 0, is it ? ? ? 
006, 60047, 1, is it ? ? ? 
006, 60047, 2, is it ? ? ? ? ? 
006, 60047, 3, is it ? ? ? ? ? ? ? ? ? 
006, 60047, 4, is ? ? ? ? ? ? 
006, 60047, 5, is it ? ? ? ? ? ? ? ? 
006, 60047, 6, is it ? ? ? 
006, 60047, 7, is it ? ? ? ? 
006, 53573, 0, -EOS- 
006, 53573, 1, ? -EOS- 
006, 53573, 2, ? -EOS- 
006, 53573, 3, ? -EOS- 
006, 81977, 0, is it ? ? ? ? 
006, 81977, 1, is is ? -EOS- 
007, 16142, 0, is a a a -EOS- 
007, 16142, 1, is a a a -EOS- 
007, 16142, 2, is is a a a -EOS- 
007, 16142, 3, is is a a a a -EOS- 
007, 60047, 0, is it ? ? ? 
007, 60047, 1, is it ? ? ? 
007, 60047, 2, is it ? ? ? ? ? 
007, 60047, 3, is it ? ? ? ? ? ? ? ? ? 
007, 60047, 4, is it ? ? ? ? ? 
007, 60047, 5, is it ? ? ? ? ? ? ? ? 
007, 60047, 6, is it ? ? ? 
007, 60047, 7, is it ? ? ? ? 
007, 53573, 0, -EOS- 
007, 53573, 1, ? -EOS- 
007, 53573, 2, ? -EOS- 
007, 53573, 3, ? -EOS- 
007, 81977, 0, is it ? ? ? ? 
007, 81977, 1, is it ? ? ? ? 
