000, 11, 0, 1, [' grapefruit grapefruit grapefruit grapefruit grapefruit grapefruit grapefruit grapefruit grapefruit grapefruit', ' answers answers answers answers answers answers answers answers answers answers']
000, 11, 1, 1, [' shelfs shelfs shelfs shelfs shelfs shelfs shelfs shelfs shelfs shelfs', ' you pelican pelican pelican pelican pelican pelican pelican pelican pelican']
000, 11, 2, 1, [' shelfs shelfs shelfs shelfs shelfs shelfs shelfs shelfs shelfs shelfs', ' is is is is is is is is is is']
000, 11, 3, 1, [' it it it it it it it it it it', ' is is is is is is is is is is']
000, 4, 0, 1, [' shape shape shape shape shape shape shape shape shape shape', ' round round round round round round round round round round']
000, 4, 1, 1, [' shape shape shape shape shape shape shape shape shape shape', ' is is is is is is is is is is']
000, 4, 2, 1, [' it it it it it it it it it it', ' is is is is is is is is is is']
000, 4, 3, 1, [' it it it it it it it it it it', ' is is is is is is is is is is']
000, 18, 0, 1, [' is is is is is is is is is is', ' is is is is is is is is is is']
000, 1, 0, 1, [' is is is is is is is is is is', ' is is is is is is is is is is']
000, 18, 1, 1, [' is ? ? ? ? ? ? ? ? ?', ' is ? ? ? ? ? ? ? ? ?']
000, 1, 1, 1, [' is ? ? ? ? ? ? ? ? ?', ' is ? ? ? ? ? ? ? ? ?']
000, 18, 2, 1, [' is ? ? ? ? ? ? ? ? ?', ' is ? ? ? ? ? ? ? ? ?']
000, 1, 2, 1, [' is ? ? ? ? ? ? ? ? ?', ' is ? ? ? ? ? ? ? ? ?']
000, 22, 0, 1, [' is is is is is is is is is is', ' is is is is is is is is is is']
000, 22, 1, 1, [' is is is is is is is is is is', ' is ? ? ? ? ? ? ? ? ?']
000, 22, 2, 1, [' is is is is is is is is is is', ' is ? ? ? ? ? ? ? ? ?']
000, 22, 3, 1, [' is is is is is is is is is is', ' is ? ? ? ? ? ? ? ? ?']
000, 22, 4, 1, [' is ? ? ? ? ? ? ? ? ?', ' is ? ? ? ? ? ? ? ? ?']
000, 22, 5, 1, [' is ? ? ? ? ? ? ? ? ?', ' ? ? ? ? ? ? ? ? ? ?']
000, 22, 6, 1, [' ? ? ? ? ? ? ? ? ? ?', ' ? ? ? ? ? ? ? ? ? ?']
000, 20, 0, 1, [' ? ? ? ? ? ? ? ? ? ?', ' is ? ? ? ? ? ? ? ? ?']
000, 20, 1, 1, [' ? ? ? ? ? ? ? ? ? ?', ' is ? ? ? ? ? ? ? ? ?']
000, 20, 2, 1, [' ? ? ? ? ? ? ? ? ? ?', ' is ? ? ? ? ? ? ? ? ?']
000, 9, 0, 1, [' ? ? ? ? ? ? ? ? ? ?', ' ? ? ? ? ? ? ? ? ? ?']
000, 15, 0, 1, [' ? ? ? ? ? ? ? ? ? ?', ' ? ? ? ? ? ? ? ? ? ?']
000, 9, 1, 1, [' ? ? ? ? ? ? ? ? ? ?', ' ? ? ? ? ? ? ? ? ? ?']
000, 15, 1, 1, [' ? ? ? ? ? ? ? ? ? ?', ' ? ? ? ? ? ? ? ? ? ?']
000, 9, 2, 1, [' ? ? ? ? ? ? ? ? ? ?', ' ? ? ? ? ? ? ? ? ? ?']
000, 15, 2, 1, [' ? ? ? ? ? ? ? ? ? ?', ' ? ? ? ? ? ? ? ? ? ?']
000, 9, 3, 1, [' ? ? ? ? ? ? ? ? ? ?', ' ? ? ? ? ? ? ? ? ? ?']
000, 15, 3, 1, [' ? ? ? ? ? ? ? ? ? ?', ' ? ? ? ? ? ? ? ? ? ?']
000, 9, 4, 1, [' ? ? ? ? ? ? ? ? ? ?', ' ? ? ? ? ? ? ? ? ? ?']
000, 15, 4, 1, [' ? ? ? ? ? ? ? ? ? ?', ' ? ? ? ? ? ? ? ? ? ?']
000, 7, 0, 1, [' it it it it it it it it it it', ' ? ? ? ? ? ? ? ? ? ?']
000, 7, 1, 1, [' it it it it it it it it it it', ' ? ? ? ? ? ? ? ? ? ?']
000, 7, 2, 1, [' it it it it it it it it it it', ' it it it it it it it it it it']
000, 7, 3, 1, [' it it it it it it it it it it', ' it it it it it it it it it it']
000, 7, 4, 1, [' it it it it it it it it it it', ' it it it it it it it it it it']
000, 7, 5, 1, [' it it it it it it it it it it', ' it it it it it it it it it it']
000, 7, 6, 1, [' it it it it it it it it it it', ' it it it it it it it it it it']
000, 7, 7, 1, [' it it it it it it it it it it', ' it it it it it it it it it it']
000, 13, 0, 1, [' it it it it it it it it it it', ' it it it it it it it it it it']
000, 13, 1, 1, [' it it it it it it it it it it', ' it it it it it it it it it it']
000, 13, 2, 1, [' it it it it it it it it it it', ' it it it it it it it it it it']
000, 13, 3, 1, [' it it it it it it it it it it', ' it it it it it it it it it it']
000, 13, 4, 1, [' it it it it it it it it it it', ' it it it it it it it it it it']
000, 13, 5, 1, [' it it it it it it it it it it', ' it it it it it it it it it it']
000, 13, 6, 1, [' it it it it it it it it it it', ' it it it it it it it it it it']
000, 13, 7, 1, [' it it it it it it it it it it', ' it it it it it it it it it it']
000, 13, 8, 1, [' it it it it it it it it it it', ' it it it it it it it it it it']
000, 13, 9, 1, [' it it it it it it it it it it', ' it it it it it it it it it it']
000, 13, 10, 1, [' it it it it it it it it it it', ' it it it it it it it it it it']
000, 13, 11, 1, [' it it it it it it it it it it', ' it it it it it it it it it it']
000, 13, 12, 1, [' it it it it it it it it it it', ' it it it it it it it it it it']
000, 13, 13, 1, [' it it it it it it it it it it', ' ? it it it it it it it it it']
000, 13, 14, 1, [' it it it it it it it it it it', ' ? ? ? ? ? ? ? ? ? ?']
000, 13, 15, 1, [' ? ? ? ? ? ? ? ? ? ?', ' ? ? ? ? ? ? ? ? ? ?']
000, 123, 0, 0, [' ? ? ? ? ? ? ? ? ? ?', ' ? ? ? ? ? ? ? ? ? ?']
000, 123, 1, 0, [' ? ? ? ? ? ? ? ? ? ?', ' ? ? ? ? ? ? ? ? ? ?']
000, 123, 2, 0, [' ? ? ? ? ? ? ? ? ? ?', ' ? ? ? ? ? ? ? ? ? ?']
000, 123, 3, 0, [' ? ? ? ? ? ? ? ? ? ?', ' ? ? ? ? ? ? ? ? ? ?']
000, 123, 4, 0, [' ? ? ? ? ? ? ? ? ? ?', ' ? ? ? ? ? ? ? ? ? ?']
000, 123, 5, 0, [' ? ? ? ? ? ? ? ? ? ?', ' ? ? ? ? ? ? ? ? ? ?']
000, 123, 6, 0, [' ? ? ? ? ? ? ? ? ? ?', ' ? ? ? ? ? ? ? ? ? ?']
000, 172, 0, 0, [' ? ? ? ? ? ? ? ? ? ?', ' it it it it it it it it it it']
000, 172, 1, 0, [' ? ? ? ? ? ? ? ? ? ?', ' it it it it it it it it it it']
000, 101, 0, 0, [' ? ? ? ? ? ? ? ? ? ?', ' it -EOS- -EOS- -EOS- -EOS- -EOS- -EOS- -EOS- -EOS- -EOS-']
000, 101, 1, 0, [' ? ? ? ? ? ? ? ? ? ?', ' it -EOS- -EOS- -EOS- -EOS- -EOS- -EOS- -EOS- -EOS- -EOS-']
000, 101, 2, 0, [' ? ? ? ? ? ? ? ? ? ?', ' it -EOS- -EOS- -EOS- -EOS- -EOS- -EOS- -EOS- -EOS- -EOS-']
000, 101, 3, 0, [' -EOS- -EOS- -EOS- -EOS- -EOS- -EOS- -EOS- -EOS- -EOS- -EOS-', ' it -EOS- -EOS- -EOS- -EOS- -EOS- -EOS- -EOS- -EOS- -EOS-']
000, 103, 0, 0, [' ? -EOS- -EOS- -EOS- -EOS- -EOS- -EOS- -EOS- -EOS- -EOS-', ' ? -EOS- -EOS- -EOS- -EOS- -EOS- -EOS- -EOS- -EOS- -EOS-']
000, 103, 1, 0, [' ? ? ? ? ? ? ? ? ? ?', ' ? ? ? ? ? ? ? ? ? ?']
000, 108, 0, 0, [' ? it it it it it it it it it', ' ? it it it it it it it it it']
000, 0, 0, 0, [' ? it it it it it it it it it', ' ? it it it it it it it it it']
000, 108, 1, 0, [' ? it it it it it it it it it', ' ? it it it it it it it it it']
000, 0, 1, 0, [' ? it it it it it it it it it', ' ? it it it it it it it it it']
000, 108, 2, 0, [' ? it it it it it it it it it', ' ? it it it it it it it it it']
000, 0, 2, 0, [' ? it it it it it it it it it', ' ? it it it it it it it it it']
000, 17, 0, 0, [' ? ? ? ? ? ? ? ? ? ?', ' it -EOS- -EOS- -EOS- -EOS- -EOS- -EOS- -EOS- -EOS- -EOS-']
000, 42, 0, 0, [' ? ? ? ? ? ? ? ? ? ?', ' it -EOS- -EOS- -EOS- -EOS- -EOS- -EOS- -EOS- -EOS- -EOS-']
000, 17, 1, 0, [' ? ? ? ? ? ? ? ? ? ?', ' ? -EOS- -EOS- -EOS- -EOS- -EOS- -EOS- -EOS- -EOS- -EOS-']
000, 42, 1, 0, [' ? ? ? ? ? ? ? ? ? ?', ' ? -EOS- -EOS- -EOS- -EOS- -EOS- -EOS- -EOS- -EOS- -EOS-']
000, 17, 2, 0, [' ? ? ? ? ? ? ? ? ? ?', ' it -EOS- -EOS- -EOS- -EOS- -EOS- -EOS- -EOS- -EOS- -EOS-']
000, 42, 2, 0, [' ? ? ? ? ? ? ? ? ? ?', ' it -EOS- -EOS- -EOS- -EOS- -EOS- -EOS- -EOS- -EOS- -EOS-']
000, 17, 3, 0, [' ? ? ? ? ? ? ? ? ? ?', ' it -EOS- -EOS- -EOS- -EOS- -EOS- -EOS- -EOS- -EOS- -EOS-']
000, 42, 3, 0, [' ? ? ? ? ? ? ? ? ? ?', ' it -EOS- -EOS- -EOS- -EOS- -EOS- -EOS- -EOS- -EOS- -EOS-']
000, 17, 4, 0, [' ? ? ? ? ? ? ? ? ? ?', ' it -EOS- -EOS- -EOS- -EOS- -EOS- -EOS- -EOS- -EOS- -EOS-']
000, 42, 4, 0, [' ? ? ? ? ? ? ? ? ? ?', ' it -EOS- -EOS- -EOS- -EOS- -EOS- -EOS- -EOS- -EOS- -EOS-']
000, 17, 5, 0, [' ? ? ? ? ? ? ? ? ? ?', ' it -EOS- -EOS- -EOS- -EOS- -EOS- -EOS- -EOS- -EOS- -EOS-']
000, 42, 5, 0, [' ? ? ? ? ? ? ? ? ? ?', ' it -EOS- -EOS- -EOS- -EOS- -EOS- -EOS- -EOS- -EOS- -EOS-']
000, 17, 6, 0, [' ? ? ? ? ? ? ? ? ? ?', ' it -EOS- -EOS- -EOS- -EOS- -EOS- -EOS- -EOS- -EOS- -EOS-']
000, 42, 6, 0, [' ? ? ? ? ? ? ? ? ? ?', ' it -EOS- -EOS- -EOS- -EOS- -EOS- -EOS- -EOS- -EOS- -EOS-']
000, 29, 0, 0, [' ? -EOS- -EOS- -EOS- -EOS- -EOS- -EOS- -EOS- -EOS- -EOS-', ' ? ? ? ? ? ? ? ? ? ?']
000, 178, 0, 0, [' ? -EOS- -EOS- -EOS- -EOS- -EOS- -EOS- -EOS- -EOS- -EOS-', ' ? ? ? ? ? ? ? ? ? ?']
000, 29, 1, 0, [' ? -EOS- -EOS- -EOS- -EOS- -EOS- -EOS- -EOS- -EOS- -EOS-', ' ? ? ? ? ? ? ? ? ? ?']
000, 178, 1, 0, [' ? -EOS- -EOS- -EOS- -EOS- -EOS- -EOS- -EOS- -EOS- -EOS-', ' ? ? ? ? ? ? ? ? ? ?']
000, 29, 2, 0, [' ? -EOS- -EOS- -EOS- -EOS- -EOS- -EOS- -EOS- -EOS- -EOS-', ' ? ? ? ? ? ? ? ? ? ?']
000, 178, 2, 0, [' ? -EOS- -EOS- -EOS- -EOS- -EOS- -EOS- -EOS- -EOS- -EOS-', ' ? ? ? ? ? ? ? ? ? ?']
000, 29, 3, 0, [' ? -EOS- -EOS- -EOS- -EOS- -EOS- -EOS- -EOS- -EOS- -EOS-', ' ? ? ? ? ? ? ? ? ? ?']
000, 178, 3, 0, [' ? -EOS- -EOS- -EOS- -EOS- -EOS- -EOS- -EOS- -EOS- -EOS-', ' ? ? ? ? ? ? ? ? ? ?']
000, 29, 4, 0, [' ? it it it it it it it it it', ' ? ? ? ? ? ? ? ? ? ?']
000, 178, 4, 0, [' ? it it it it it it it it it', ' ? ? ? ? ? ? ? ? ? ?']
