000, 34731, 0, 1, pf sweat moon moon again again 
000, 34731, 1, 1, sits cushions again again again again 
000, 34731, 2, 1, freezer cushions cushions again again 
000, 34731, 3, 1, sits cushions again again again again again 
000, 34731, 4, 1, sits cushions again again again 
000, 34731, 5, 1, sits cushions again again again again again again again again again again again again again again again 
000, 34731, 6, 1, freezer shots moon moon moon again again again again again 
000, 58337, 0, 1, one.. timer each each each 
000, 58337, 1, 1, handlebar handlebar timer each each each 
000, 58337, 2, 1, handlebar handlebar handlebar each each each 
000, 58337, 3, 1, handlebar handlebar handlebar each each each each 
000, 103099, 0, 1, is is slide slide slide 
000, 103099, 1, 1, is fence slide slide slide slide 
000, 103099, 2, 1, is is slide slide slide slide slide slide slide 
000, 103099, 3, 1, is is slide slide slide slide slide slide 
000, 68036, 0, 1, is one.. one.. ? ? ? 
000, 68036, 1, 1, is one.. ? ? ? ? 
000, 68036, 2, 1, is is one.. ? ? ? ? ? ? ? 
000, 68036, 3, 1, is is ? ? ? ? ? ? ? ? ? ? 
000, 67159, 0, 0, is -EOS- 
000, 67159, 1, 0, is sits -EOS- 
000, 67159, 2, 0, is sits -EOS- 
