000, 1, 0, 1, [' video video video video video video video video video video', ' upwards upwards upwards upwards upwards upwards upwards upwards upwards upwards']
000, 1, 1, 1, [' video video video video video video video video video video', ' tails tails tails tails tails tails tails tails tails tails']
000, 14, 0, 1, [' tails tails tails tails tails tails tails tails tails tails', ' blinking blinking blinking blinking blinking blinking blinking blinking blinking blinking']
000, 14, 1, 1, [' tails tails tails tails tails tails tails tails tails tails', ' a a a a a a a a a a']
000, 14, 2, 1, [' tails tails tails tails tails tails tails tails tails tails', ' a a a a a a a a a a']
000, 14, 3, 1, [' tails tails tails tails tails tails tails tails tails tails', ' a a a a a a a a a a']
000, 14, 4, 1, [' a a a a a a a a a a', ' a a a a a a a a a a']
000, 10, 0, 1, [' a a a a a a a a a a', ' a a a a a a a a a a']
000, 10, 1, 1, [' a a a a a a a a a a', ' a a a a a a a a a a']
000, 10, 2, 1, [' a a a a a a a a a a', ' a a a a a a a a a a']
000, 10, 3, 1, [' a a a a a a a a a a', ' a ? ? ? ? ? ? ? ? ?']
000, 10, 4, 1, [' a a a a a a a a a a', ' ? ? ? ? ? ? ? ? ? ?']
000, 10, 5, 1, [' a a a a a a a a a a', ' ? ? ? ? ? ? ? ? ? ?']
000, 10, 6, 1, [' a a a a a a a a a a', ' ? ? ? ? ? ? ? ? ? ?']
000, 10, 7, 1, [' a a a a a a a a a a', ' ? ? ? ? ? ? ? ? ? ?']
000, 18, 0, 1, [' ? ? ? ? ? ? ? ? ? ?', ' ? ? ? ? ? ? ? ? ? ?']
000, 18, 1, 1, [' ? ? ? ? ? ? ? ? ? ?', ' ? ? ? ? ? ? ? ? ? ?']
000, 18, 2, 1, [' ? ? ? ? ? ? ? ? ? ?', ' ? ? ? ? ? ? ? ? ? ?']
000, 6, 0, 1, [' ? ? ? ? ? ? ? ? ? ?', ' ? ? ? ? ? ? ? ? ? ?']
000, 22, 0, 1, [' ? ? ? ? ? ? ? ? ? ?', ' ? ? ? ? ? ? ? ? ? ?']
000, 6, 1, 1, [' ? ? ? ? ? ? ? ? ? ?', ' ? ? ? ? ? ? ? ? ? ?']
000, 22, 1, 1, [' ? ? ? ? ? ? ? ? ? ?', ' ? ? ? ? ? ? ? ? ? ?']
000, 6, 2, 1, [' ? ? ? ? ? ? ? ? ? ?', ' ? ? ? ? ? ? ? ? ? ?']
000, 22, 2, 1, [' ? ? ? ? ? ? ? ? ? ?', ' ? ? ? ? ? ? ? ? ? ?']
000, 6, 3, 1, [' ? ? ? ? ? ? ? ? ? ?', ' ? ? ? ? ? ? ? ? ? ?']
000, 22, 3, 1, [' ? ? ? ? ? ? ? ? ? ?', ' ? ? ? ? ? ? ? ? ? ?']
000, 6, 4, 1, [' ? ? ? ? ? ? ? ? ? ?', ' ? ? ? ? ? ? ? ? ? ?']
000, 22, 4, 1, [' ? ? ? ? ? ? ? ? ? ?', ' ? ? ? ? ? ? ? ? ? ?']
000, 6, 5, 1, [' ? ? ? ? ? ? ? ? ? ?', ' ? ? ? ? ? ? ? ? ? ?']
000, 22, 5, 1, [' ? ? ? ? ? ? ? ? ? ?', ' ? ? ? ? ? ? ? ? ? ?']
000, 6, 6, 1, [' ? ? ? ? ? ? ? ? ? ?', ' ? ? ? ? ? ? ? ? ? ?']
000, 22, 6, 1, [' ? ? ? ? ? ? ? ? ? ?', ' ? ? ? ? ? ? ? ? ? ?']
000, 20, 0, 1, [' ? ? ? ? ? ? ? ? ? ?', ' ? ? ? ? ? ? ? ? ? ?']
000, 20, 1, 1, [' ? ? ? ? ? ? ? ? ? ?', ' ? ? ? ? ? ? ? ? ? ?']
000, 20, 2, 1, [' ? ? ? ? ? ? ? ? ? ?', ' ? ? ? ? ? ? ? ? ? ?']
000, 20, 3, 1, [' ? ? ? ? ? ? ? ? ? ?', ' ? ? ? ? ? ? ? ? ? ?']
000, 20, 4, 1, [' ? ? ? ? ? ? ? ? ? ?', ' ? ? ? ? ? ? ? ? ? ?']
000, 20, 5, 1, [' ? ? ? ? ? ? ? ? ? ?', ' ? ? ? ? ? ? ? ? ? ?']
000, 20, 6, 1, [' ? ? ? ? ? ? ? ? ? ?', ' ? ? ? ? ? ? ? ? ? ?']
000, 20, 7, 1, [' ? ? ? ? ? ? ? ? ? ?', ' ? ? ? ? ? ? ? ? ? ?']
000, 12, 0, 1, [' ? ? ? ? ? ? ? ? ? ?', ' ? ? ? ? ? ? ? ? ? ?']
000, 12, 1, 1, [' ? ? ? ? ? ? ? ? ? ?', ' ? ? ? ? ? ? ? ? ? ?']
000, 12, 2, 1, [' ? ? ? ? ? ? ? ? ? ?', ' ? ? ? ? ? ? ? ? ? ?']
000, 12, 3, 1, [' ? ? ? ? ? ? ? ? ? ?', ' ? ? ? ? ? ? ? ? ? ?']
000, 12, 4, 1, [' ? ? ? ? ? ? ? ? ? ?', ' ? ? ? ? ? ? ? ? ? ?']
000, 12, 5, 1, [' ? ? ? ? ? ? ? ? ? ?', ' ? ? ? ? ? ? ? ? ? ?']
000, 12, 6, 1, [' ? ? ? ? ? ? ? ? ? ?', ' ? ? ? ? ? ? ? ? ? ?']
000, 12, 7, 1, [' ? ? ? ? ? ? ? ? ? ?', ' ? ? ? ? ? ? ? ? ? ?']
000, 12, 8, 1, [' ? ? ? ? ? ? ? ? ? ?', ' ? ? ? ? ? ? ? ? ? ?']
000, 12, 9, 1, [' ? ? ? ? ? ? ? ? ? ?', ' ? ? ? ? ? ? ? ? ? ?']
000, 12, 10, 1, [' ? ? ? ? ? ? ? ? ? ?', ' ? ? ? ? ? ? ? ? ? ?']
000, 12, 11, 1, [' ? ? ? ? ? ? ? ? ? ?', ' ? ? ? ? ? ? ? ? ? ?']
000, 12, 12, 1, [' ? ? ? ? ? ? ? ? ? ?', ' ? ? ? ? ? ? ? ? ? ?']
000, 12, 13, 1, [' ? ? ? ? ? ? ? ? ? ?', ' ? ? ? ? ? ? ? ? ? ?']
000, 12, 14, 1, [' ? ? ? ? ? ? ? ? ? ?', ' ? ? ? ? ? ? ? ? ? ?']
000, 12, 15, 1, [' ? ? ? ? ? ? ? ? ? ?', ' ? ? ? ? ? ? ? ? ? ?']
000, 4, 0, 1, [' ? ? ? ? ? ? ? ? ? ?', ' ? ? ? ? ? ? ? ? ? ?']
000, 8, 0, 1, [' ? ? ? ? ? ? ? ? ? ?', ' ? ? ? ? ? ? ? ? ? ?']
000, 4, 1, 1, [' ? ? ? ? ? ? ? ? ? ?', ' ? ? ? ? ? ? ? ? ? ?']
000, 8, 1, 1, [' ? ? ? ? ? ? ? ? ? ?', ' ? ? ? ? ? ? ? ? ? ?']
000, 4, 2, 1, [' ? ? ? ? ? ? ? ? ? ?', ' ? ? ? ? ? ? ? ? ? ?']
000, 8, 2, 1, [' ? ? ? ? ? ? ? ? ? ?', ' ? ? ? ? ? ? ? ? ? ?']
000, 4, 3, 1, [' ? ? ? ? ? ? ? ? ? ?', ' ? ? ? ? ? ? ? ? ? ?']
000, 8, 3, 1, [' ? ? ? ? ? ? ? ? ? ?', ' ? ? ? ? ? ? ? ? ? ?']
000, 0, 0, 0, [' ? ? ? ? ? ? ? ? ? ?', ' ? ? ? ? ? ? ? ? ? ?']
000, 0, 1, 0, [' ? ? ? ? ? ? ? ? ? ?', ' ? ? ? ? ? ? ? ? ? ?']
000, 0, 2, 0, [' ? ? ? ? ? ? ? ? ? ?', ' ? ? ? ? ? ? ? ? ? ?']
000, 0, 3, 0, [' ? ? ? ? ? ? ? ? ? ?', ' ? ? ? ? ? ? ? ? ? ?']
000, 30, 0, 1, [' ? ? ? ? ? ? ? ? ? ?', ' ? ? ? ? ? ? ? ? ? ?']
000, 30, 1, 1, [' ? ? ? ? ? ? ? ? ? ?', ' ? ? ? ? ? ? ? ? ? ?']
000, 30, 2, 1, [' ? ? ? ? ? ? ? ? ? ?', ' ? ? ? ? ? ? ? ? ? ?']
000, 26, 0, 1, [' ? ? ? ? ? ? ? ? ? ?', ' ? ? ? ? ? ? ? ? ? ?']
000, 26, 1, 1, [' ? ? ? ? ? ? ? ? ? ?', ' ? ? ? ? ? ? ? ? ? ?']
000, 26, 2, 1, [' ? ? ? ? ? ? ? ? ? ?', ' ? ? ? ? ? ? ? ? ? ?']
000, 26, 3, 1, [' it it it it it it it it it it', ' ? ? ? ? ? ? ? ? ? ?']
000, 26, 4, 1, [' it it it it it it it it it it', ' it it it it it it it it it it']
000, 26, 5, 1, [' it it it it it it it it it it', ' it it it it it it it it it it']
000, 26, 6, 1, [' it it it it it it it it it it', ' is is is is is is is is is is']
000, 26, 7, 1, [' it it it it it it it it it it', ' is is is is is is is is is is']
000, 26, 8, 1, [' is it it it it it it it it it', ' is is is is is is is is is is']
000, 26, 9, 1, [' is it it it it it it it it it', ' is is is is is is is is is is']
000, 41, 0, 1, [' is is is is is is is is is is', ' is is is is is is is is is is']
000, 41, 1, 1, [' is is is is is is is is is is', ' is is is is is is is is is is']
000, 41, 2, 1, [' is is is is is is is is is is', ' is is is is is is is is is is']
000, 38, 0, 1, [' is is is is is is is is is is', ' is is is is is is is is is is']
000, 43, 0, 1, [' is is is is is is is is is is', ' is is is is is is is is is is']
000, 38, 1, 1, [' is is is is is is is is is is', ' is is is is is is is is is is']
000, 43, 1, 1, [' is is is is is is is is is is', ' is is is is is is is is is is']
000, 38, 2, 1, [' is is is is is is is is is is', ' is is is is is is is is is is']
000, 43, 2, 1, [' is is is is is is is is is is', ' is is is is is is is is is is']
000, 38, 3, 1, [' is is is is is is is is is is', ' is is is is is is is is is is']
000, 43, 3, 1, [' is is is is is is is is is is', ' is is is is is is is is is is']
000, 38, 4, 1, [' is is is is is is is is is is', ' is is is is is is is is is is']
000, 43, 4, 1, [' is is is is is is is is is is', ' is is is is is is is is is is']
000, 38, 5, 1, [' is is -EOS- -EOS- -EOS- -EOS- -EOS- -EOS- -EOS- -EOS-', ' is -EOS- -EOS- -EOS- -EOS- -EOS- -EOS- -EOS- -EOS- -EOS-']
000, 43, 5, 1, [' is is -EOS- -EOS- -EOS- -EOS- -EOS- -EOS- -EOS- -EOS-', ' is -EOS- -EOS- -EOS- -EOS- -EOS- -EOS- -EOS- -EOS- -EOS-']
000, 38, 6, 1, [' is -EOS- -EOS- -EOS- -EOS- -EOS- -EOS- -EOS- -EOS- -EOS-', ' is -EOS- -EOS- -EOS- -EOS- -EOS- -EOS- -EOS- -EOS- -EOS-']
000, 43, 6, 1, [' is -EOS- -EOS- -EOS- -EOS- -EOS- -EOS- -EOS- -EOS- -EOS-', ' is -EOS- -EOS- -EOS- -EOS- -EOS- -EOS- -EOS- -EOS- -EOS-']
000, 24, 0, 1, [' is -EOS- -EOS- -EOS- -EOS- -EOS- -EOS- -EOS- -EOS- -EOS-', ' is is is is is is is is is is']
000, 34, 0, 1, [' is -EOS- -EOS- -EOS- -EOS- -EOS- -EOS- -EOS- -EOS- -EOS-', ' is is is is is is is is is is']
000, 24, 1, 1, [' is -EOS- -EOS- -EOS- -EOS- -EOS- -EOS- -EOS- -EOS- -EOS-', ' is is is is is is is is is is']
000, 34, 1, 1, [' is -EOS- -EOS- -EOS- -EOS- -EOS- -EOS- -EOS- -EOS- -EOS-', ' is is is is is is is is is is']
000, 24, 2, 1, [' is -EOS- -EOS- -EOS- -EOS- -EOS- -EOS- -EOS- -EOS- -EOS-', ' is -EOS- -EOS- -EOS- -EOS- -EOS- -EOS- -EOS- -EOS- -EOS-']
000, 34, 2, 1, [' is -EOS- -EOS- -EOS- -EOS- -EOS- -EOS- -EOS- -EOS- -EOS-', ' is -EOS- -EOS- -EOS- -EOS- -EOS- -EOS- -EOS- -EOS- -EOS-']
000, 24, 3, 1, [' is -EOS- -EOS- -EOS- -EOS- -EOS- -EOS- -EOS- -EOS- -EOS-', ' is -EOS- -EOS- -EOS- -EOS- -EOS- -EOS- -EOS- -EOS- -EOS-']
000, 34, 3, 1, [' is -EOS- -EOS- -EOS- -EOS- -EOS- -EOS- -EOS- -EOS- -EOS-', ' is -EOS- -EOS- -EOS- -EOS- -EOS- -EOS- -EOS- -EOS- -EOS-']
000, 24, 4, 1, [' is -EOS- -EOS- -EOS- -EOS- -EOS- -EOS- -EOS- -EOS- -EOS-', ' is -EOS- -EOS- -EOS- -EOS- -EOS- -EOS- -EOS- -EOS- -EOS-']
000, 34, 4, 1, [' is -EOS- -EOS- -EOS- -EOS- -EOS- -EOS- -EOS- -EOS- -EOS-', ' is -EOS- -EOS- -EOS- -EOS- -EOS- -EOS- -EOS- -EOS- -EOS-']
000, 24, 5, 1, [' is -EOS- -EOS- -EOS- -EOS- -EOS- -EOS- -EOS- -EOS- -EOS-', ' is -EOS- -EOS- -EOS- -EOS- -EOS- -EOS- -EOS- -EOS- -EOS-']
000, 34, 5, 1, [' is -EOS- -EOS- -EOS- -EOS- -EOS- -EOS- -EOS- -EOS- -EOS-', ' is -EOS- -EOS- -EOS- -EOS- -EOS- -EOS- -EOS- -EOS- -EOS-']
000, 24, 6, 1, [' is -EOS- -EOS- -EOS- -EOS- -EOS- -EOS- -EOS- -EOS- -EOS-', ' is -EOS- -EOS- -EOS- -EOS- -EOS- -EOS- -EOS- -EOS- -EOS-']
000, 34, 6, 1, [' is -EOS- -EOS- -EOS- -EOS- -EOS- -EOS- -EOS- -EOS- -EOS-', ' is -EOS- -EOS- -EOS- -EOS- -EOS- -EOS- -EOS- -EOS- -EOS-']
000, 28, 0, 1, [' is -EOS- -EOS- -EOS- -EOS- -EOS- -EOS- -EOS- -EOS- -EOS-', ' -EOS- -EOS- -EOS- -EOS- -EOS- -EOS- -EOS- -EOS- -EOS- -EOS-']
000, 28, 1, 1, [' is -EOS- -EOS- -EOS- -EOS- -EOS- -EOS- -EOS- -EOS- -EOS-', ' -EOS- -EOS- -EOS- -EOS- -EOS- -EOS- -EOS- -EOS- -EOS- -EOS-']
000, 28, 2, 1, [' is -EOS- -EOS- -EOS- -EOS- -EOS- -EOS- -EOS- -EOS- -EOS-', ' -EOS- -EOS- -EOS- -EOS- -EOS- -EOS- -EOS- -EOS- -EOS- -EOS-']
000, 28, 3, 1, [' is -EOS- -EOS- -EOS- -EOS- -EOS- -EOS- -EOS- -EOS- -EOS-', ' -EOS- -EOS- -EOS- -EOS- -EOS- -EOS- -EOS- -EOS- -EOS- -EOS-']
000, 32, 0, 1, [' is -EOS- -EOS- -EOS- -EOS- -EOS- -EOS- -EOS- -EOS- -EOS-', ' is -EOS- -EOS- -EOS- -EOS- -EOS- -EOS- -EOS- -EOS- -EOS-']
000, 32, 1, 1, [' is -EOS- -EOS- -EOS- -EOS- -EOS- -EOS- -EOS- -EOS- -EOS-', ' ? -EOS- -EOS- -EOS- -EOS- -EOS- -EOS- -EOS- -EOS- -EOS-']
000, 32, 2, 1, [' ? -EOS- -EOS- -EOS- -EOS- -EOS- -EOS- -EOS- -EOS- -EOS-', ' ? -EOS- -EOS- -EOS- -EOS- -EOS- -EOS- -EOS- -EOS- -EOS-']
000, 32, 3, 1, [' ? -EOS- -EOS- -EOS- -EOS- -EOS- -EOS- -EOS- -EOS- -EOS-', ' ? -EOS- -EOS- -EOS- -EOS- -EOS- -EOS- -EOS- -EOS- -EOS-']
000, 32, 4, 1, [' ? -EOS- -EOS- -EOS- -EOS- -EOS- -EOS- -EOS- -EOS- -EOS-', ' ? -EOS- -EOS- -EOS- -EOS- -EOS- -EOS- -EOS- -EOS- -EOS-']
000, 32, 5, 1, [' ? -EOS- -EOS- -EOS- -EOS- -EOS- -EOS- -EOS- -EOS- -EOS-', ' is -EOS- -EOS- -EOS- -EOS- -EOS- -EOS- -EOS- -EOS- -EOS-']
000, 36, 0, 1, [' is ? ? ? ? ? ? ? ? ?', ' is ? ? ? ? ? ? ? ? ?']
000, 36, 1, 1, [' is ? ? ? ? ? ? ? ? ?', ' is ? ? ? ? ? ? ? ? ?']
000, 17, 0, 0, [' is ? ? ? ? ? ? ? ? ?', ' is ? ? ? ? ? ? ? ? ?']
000, 17, 1, 0, [' is ? ? ? ? ? ? ? ? ?', ' is ? ? ? ? ? ? ? ? ?']
000, 17, 2, 0, [' is ? ? ? ? ? ? ? ? ?', ' is ? ? ? ? ? ? ? ? ?']
000, 17, 3, 0, [' is ? ? ? ? ? ? ? ? ?', ' is ? ? ? ? ? ? ? ? ?']
000, 17, 4, 0, [' is ? ? ? ? ? ? ? ? ?', ' ? ? ? ? ? ? ? ? ? ?']
000, 17, 5, 0, [' is ? ? ? ? ? ? ? ? ?', ' is ? ? ? ? ? ? ? ? ?']
000, 17, 6, 0, [' is ? ? ? ? ? ? ? ? ?', ' is ? ? ? ? ? ? ? ? ?']
000, 63, 0, 1, [' is ? ? ? ? ? ? ? ? ?', ' is ? ? ? ? ? ? ? ? ?']
000, 63, 1, 1, [' is ? ? ? ? ? ? ? ? ?', ' is ? ? ? ? ? ? ? ? ?']
000, 63, 2, 1, [' is ? ? ? ? ? ? ? ? ?', ' is is ? ? ? ? ? ? ? ?']
000, 63, 3, 1, [' is ? ? ? ? ? ? ? ? ?', ' is is is is is is is is is is']
000, 63, 4, 1, [' is ? ? ? ? ? ? ? ? ?', ' is is is is is is is is is is']
000, 68, 0, 1, [' is is is is is is is is is is', ' is is it it it it it it it it']
000, 70, 0, 1, [' is is is is is is is is is is', ' is is it it it it it it it it']
000, 68, 1, 1, [' is is is is is is is is is is', ' is ? ? ? ? ? ? ? ? ?']
000, 70, 1, 1, [' is is is is is is is is is is', ' is ? ? ? ? ? ? ? ? ?']
000, 68, 2, 1, [' is is is is is is is is is is', ' is is is is is is is is is is']
000, 70, 2, 1, [' is is is is is is is is is is', ' is is is is is is is is is is']
000, 65, 0, 1, [' is is is is is is is is is is', ' is is is is is is is is is is']
000, 65, 1, 1, [' is is -EOS- -EOS- -EOS- -EOS- -EOS- -EOS- -EOS- -EOS-', ' is is ? ? ? ? ? ? ? ?']
000, 65, 2, 1, [' is -EOS- -EOS- -EOS- -EOS- -EOS- -EOS- -EOS- -EOS- -EOS-', ' is is ? ? ? ? ? ? ? ?']
000, 65, 3, 1, [' is it it it it it it it it it', ' is is is is is is is is is is']
000, 50, 0, 1, [' is is is is is is is is is is', ' is is is is is is is is is is']
000, 50, 1, 1, [' is is ? ? ? ? ? ? ? ?', ' is is ? ? ? ? ? ? ? ?']
000, 50, 2, 1, [' is is it it it it it it it it', ' is is is is is is is is is is']
000, 54, 0, 1, [' is is is is is is is is is is', ' is is is is is is is is is is']
000, 54, 1, 1, [' is it it it it it it it it it', ' is ? ? ? ? ? ? ? ? ?']
000, 54, 2, 1, [' is ? ? ? ? ? ? ? ? ?', ' is is is is is is is is is is']
000, 54, 3, 1, [' is ? ? ? ? ? ? ? ? ?', ' is is ? ? ? ? ? ? ? ?']
000, 54, 4, 1, [' is ? -EOS- -EOS- -EOS- -EOS- -EOS- -EOS- -EOS- -EOS-', ' is is ? ? ? ? ? ? ? ?']
000, 47, 0, 1, [' is -EOS- -EOS- -EOS- -EOS- -EOS- -EOS- -EOS- -EOS- -EOS-', ' is -EOS- -EOS- -EOS- -EOS- -EOS- -EOS- -EOS- -EOS- -EOS-']
000, 58, 0, 1, [' is -EOS- -EOS- -EOS- -EOS- -EOS- -EOS- -EOS- -EOS- -EOS-', ' is -EOS- -EOS- -EOS- -EOS- -EOS- -EOS- -EOS- -EOS- -EOS-']
000, 47, 1, 1, [' is -EOS- -EOS- -EOS- -EOS- -EOS- -EOS- -EOS- -EOS- -EOS-', ' is -EOS- -EOS- -EOS- -EOS- -EOS- -EOS- -EOS- -EOS- -EOS-']
000, 58, 1, 1, [' is -EOS- -EOS- -EOS- -EOS- -EOS- -EOS- -EOS- -EOS- -EOS-', ' is -EOS- -EOS- -EOS- -EOS- -EOS- -EOS- -EOS- -EOS- -EOS-']
000, 47, 2, 1, [' is -EOS- -EOS- -EOS- -EOS- -EOS- -EOS- -EOS- -EOS- -EOS-', ' is -EOS- -EOS- -EOS- -EOS- -EOS- -EOS- -EOS- -EOS- -EOS-']
000, 58, 2, 1, [' is -EOS- -EOS- -EOS- -EOS- -EOS- -EOS- -EOS- -EOS- -EOS-', ' is -EOS- -EOS- -EOS- -EOS- -EOS- -EOS- -EOS- -EOS- -EOS-']
000, 47, 3, 1, [' is -EOS- -EOS- -EOS- -EOS- -EOS- -EOS- -EOS- -EOS- -EOS-', ' is -EOS- -EOS- -EOS- -EOS- -EOS- -EOS- -EOS- -EOS- -EOS-']
000, 58, 3, 1, [' is -EOS- -EOS- -EOS- -EOS- -EOS- -EOS- -EOS- -EOS- -EOS-', ' is -EOS- -EOS- -EOS- -EOS- -EOS- -EOS- -EOS- -EOS- -EOS-']
